ARM GAS  /tmp/ccZPFRgN.s 			page 1


   1              		.cpu cortex-m4
   2              		.eabi_attribute 27, 1
   3              		.eabi_attribute 28, 1
   4              		.eabi_attribute 20, 1
   5              		.eabi_attribute 21, 1
   6              		.eabi_attribute 23, 3
   7              		.eabi_attribute 24, 1
   8              		.eabi_attribute 25, 1
   9              		.eabi_attribute 26, 1
  10              		.eabi_attribute 30, 6
  11              		.eabi_attribute 34, 1
  12              		.eabi_attribute 18, 4
  13              		.file	"croutine.c"
  14              		.text
  15              	.Ltext0:
  16              		.cfi_sections	.debug_frame
  17              	.Letext0:
  18              		.file 1 "/home/zht/stm32tools/arm-gcc/arm-none-eabi/include/machine/_default_types.h"
  19              		.file 2 "/home/zht/stm32tools/arm-gcc/arm-none-eabi/include/sys/_stdint.h"
  20              		.file 3 "Firmware/Core/Inc/FreeRTOSConfig.h"
ARM GAS  /tmp/ccZPFRgN.s 			page 2


DEFINED SYMBOLS
                            *ABS*:0000000000000000 croutine.c
                           .group:0000000000000000 wm4.0.66eb26e6ef234a179f62cd8806fe3c00
                           .group:0000000000000000 wm4.stddef.h.39.a38874c8f8a57e66301090908ec2a69f
                           .group:0000000000000000 wm4._newlib_version.h.4.875b979a44719054cd750d0952ad3fd6
                           .group:0000000000000000 wm4.features.h.33.318b64d71e0957639cfb30f1db1f7ec8
                           .group:0000000000000000 wm4._default_types.h.15.247e5cd201eca3442cbf5404108c4935
                           .group:0000000000000000 wm4._intsup.h.10.cce27fed8484c08a33f522034c30d2b5
                           .group:0000000000000000 wm4._stdint.h.10.c24fa3af3bc1706662bb5593a907e841
                           .group:0000000000000000 wm4.stdint.h.23.d53047a68f4a85177f80b422d52785ed
                           .group:0000000000000000 wm4.FreeRTOSConfig.h.31.b62728e58c3d6bdf0600b01b58224977
                           .group:0000000000000000 wm4.projdefs.h.29.3472c8470d131a5f474bc7437ea94609
                           .group:0000000000000000 wm4.portmacro.h.30.110a3580e768a63cdd084aa29b33cb01
                           .group:0000000000000000 wm4.portable.h.64.00b423ba030e23bed354b037664af7a6
                           .group:0000000000000000 wm4.mpu_wrappers.h.29.89d425470b0b1ff39fbd61026b3dc073
                           .group:0000000000000000 wm4.FreeRTOS.h.66.a6a3890d948540b7d907430686cf5981
                           .group:0000000000000000 wm4.list.h.61.bafeaa82806d71ae8917c6d7827fc3d2
                           .group:0000000000000000 wm4.task.h.46.0d11769cee96bf77a599bac125eeecf9
                           .group:0000000000000000 wm4.croutine.h.204.150a0dfb05d2a0db2892994b7245b267

NO UNDEFINED SYMBOLS
