ARM GAS  /tmp/cc4q5HdQ.s 			page 1


   1              		.cpu cortex-m4
   2              		.eabi_attribute 27, 1
   3              		.eabi_attribute 28, 1
   4              		.eabi_attribute 20, 1
   5              		.eabi_attribute 21, 1
   6              		.eabi_attribute 23, 3
   7              		.eabi_attribute 24, 1
   8              		.eabi_attribute 25, 1
   9              		.eabi_attribute 26, 1
  10              		.eabi_attribute 30, 6
  11              		.eabi_attribute 34, 1
  12              		.eabi_attribute 18, 4
  13              		.file	"freertos.c"
  14              		.text
  15              	.Ltext0:
  16              		.cfi_sections	.debug_frame
  17              	.Letext0:
  18              		.file 1 "/home/zht/stm32tools/arm-gcc/arm-none-eabi/include/machine/_default_types.h"
  19              		.file 2 "/home/zht/stm32tools/arm-gcc/arm-none-eabi/include/sys/_stdint.h"
  20              		.file 3 "Firmware/Core/Inc/FreeRTOSConfig.h"
  21              		.file 4 "Firmware/Drivers/CMSIS/Include/core_cm4.h"
  22              		.file 5 "Firmware/Drivers/CMSIS/Device/ST/STM32F4xx/Include/system_stm32f4xx.h"
  23              		.file 6 "Firmware/Drivers/STM32F4xx_HAL_Driver/Inc/stm32f4xx_hal.h"
ARM GAS  /tmp/cc4q5HdQ.s 			page 2


DEFINED SYMBOLS
                            *ABS*:0000000000000000 freertos.c
                           .group:0000000000000000 wm4.0.66eb26e6ef234a179f62cd8806fe3c00
                           .group:0000000000000000 wm4.stddef.h.39.a38874c8f8a57e66301090908ec2a69f
                           .group:0000000000000000 wm4._newlib_version.h.4.875b979a44719054cd750d0952ad3fd6
                           .group:0000000000000000 wm4.features.h.33.318b64d71e0957639cfb30f1db1f7ec8
                           .group:0000000000000000 wm4._default_types.h.15.247e5cd201eca3442cbf5404108c4935
                           .group:0000000000000000 wm4._intsup.h.10.cce27fed8484c08a33f522034c30d2b5
                           .group:0000000000000000 wm4._stdint.h.10.c24fa3af3bc1706662bb5593a907e841
                           .group:0000000000000000 wm4.stdint.h.23.d53047a68f4a85177f80b422d52785ed
                           .group:0000000000000000 wm4.FreeRTOSConfig.h.31.b62728e58c3d6bdf0600b01b58224977
                           .group:0000000000000000 wm4.projdefs.h.29.3472c8470d131a5f474bc7437ea94609
                           .group:0000000000000000 wm4.portmacro.h.30.110a3580e768a63cdd084aa29b33cb01
                           .group:0000000000000000 wm4.portable.h.64.00b423ba030e23bed354b037664af7a6
                           .group:0000000000000000 wm4.mpu_wrappers.h.29.89d425470b0b1ff39fbd61026b3dc073
                           .group:0000000000000000 wm4.FreeRTOS.h.66.a6a3890d948540b7d907430686cf5981
                           .group:0000000000000000 wm4.list.h.61.bafeaa82806d71ae8917c6d7827fc3d2
                           .group:0000000000000000 wm4.task.h.46.0d11769cee96bf77a599bac125eeecf9
                           .group:0000000000000000 wm4.stm32f4xx_hal_conf.h.24.03c00010d617045ebb35c82914a9515b
                           .group:0000000000000000 wm4.stm32f4xx.h.55.60c09cb5ab474e463c44285ed7739f1f
                           .group:0000000000000000 wm4.stm32f446xx.h.51.16a9122ede9860ebbb552c9e423d1ecd
                           .group:0000000000000000 wm4.cmsis_version.h.32.4d5822004c01a829a975260e854b5f8e
                           .group:0000000000000000 wm4.core_cm4.h.66.e4ff136c4a17abc46741866f64f8e729
                           .group:0000000000000000 wm4.cmsis_gcc.h.26.f42444deefab66ffa141b9b9fddb57a3
                           .group:0000000000000000 wm4.core_cm4.h.174.059a5e001a9e729091d1407208e93224
                           .group:0000000000000000 wm4.mpu_armv7.h.32.27b4593cb2f8d3152ca5d97a9d72b321
                           .group:0000000000000000 wm4.stm32f446xx.h.934.08868cf5988b286c95ce57658833140b
                           .group:0000000000000000 wm4.stm32f4xx.h.212.729f0f890654645a3f47ccc0cc2b00e7
                           .group:0000000000000000 wm4.stm32_hal_legacy.h.23.24c1109a8eb6b9f423a3627922c83f30
                           .group:0000000000000000 wm4.stm32f4xx_hal_def.h.58.2d2c85d5b9693a63e90566b806e8a752
                           .group:0000000000000000 wm4.stm32f4xx_hal_rcc_ex.h.22.ed8712e28628f6d35bd6f8847ee2f18f
                           .group:0000000000000000 wm4.stm32f4xx_hal_rcc.h.108.0c18a3cfc2dd91bdf92470b4bd0ea1b5
                           .group:0000000000000000 wm4.stm32f4xx_hal_exti.h.22.e3c6ea1ecbc30ac4867071b634937175
                           .group:0000000000000000 wm4.stm32f4xx_hal_gpio.h.22.be2c6bcf9722096ea8f49a41bf6aa50c
                           .group:0000000000000000 wm4.stm32f4xx_hal_gpio_ex.h.22.6858f59ca8a52c645189c74569e4d5b8
                           .group:0000000000000000 wm4.stm32f4xx_hal_gpio.h.264.978ac12eab1d3b3400b35b8c427e2c33
                           .group:0000000000000000 wm4.stm32f4xx_hal_dma.h.22.fffce20ac9119c50557659c75e75ab1c
                           .group:0000000000000000 wm4.stm32f4xx_hal_dma.h.721.a1e57ffbc615f926e6509c5acc65e492
                           .group:0000000000000000 wm4.stm32f4xx_hal_cortex.h.22.e6aa3b847b5388be63c32d1f9e696ef7
                           .group:0000000000000000 wm4.stm32f4xx_hal_flash.h.22.31b301be2655c3eb8583e51c8231544a
                           .group:0000000000000000 wm4.stm32f4xx_hal_flash_ex.h.22.df74a74dd40656a7fcd7d90cedd190b4
                           .group:0000000000000000 wm4.stm32f4xx_hal_flash.h.363.51efdf0f6c88f683efb89d7cc95cc1be
                           .group:0000000000000000 wm4.stm32f4xx_hal_pwr.h.22.2c27d93ae187efe3a73816f03a329970
                           .group:0000000000000000 wm4.stm32f4xx_hal_pwr_ex.h.22.cf49f655fb514fa1eda6a251fa1b2f1a
                           .group:0000000000000000 wm4.stm32f4xx_hal_pwr.h.337.60b43975c84527a23cb6994b23165a5e
                           .group:0000000000000000 wm4.stm32f4xx_hal_tim.h.22.9c16860ec2cc7f3d941608a8f521bc4a
                           .group:0000000000000000 wm4.stm32f4xx_hal_tim_ex.h.22.ab99a7fa30daa00d91e82a48801a7f30
                           .group:0000000000000000 wm4.stm32f4xx_hal_uart.h.22.1edfd0da9670bd23245390d2a3da576d
                           .group:0000000000000000 wm4.stm32f4xx_ll_usb.h.22.9dd425f23cc4ee09cc013b784f1d3b1a
                           .group:0000000000000000 wm4.stm32f4xx_hal_pcd.h.155.99d086aed65c9e0b877f5c367a6472c1
                           .group:0000000000000000 wm4.stm32f4xx_hal.h.72.a5a58188aa461a0614f1e58e159c7840
                           .group:0000000000000000 wm4.main.h.61.fe245643c967f5b254f53157b3e67e33

NO UNDEFINED SYMBOLS
