ARM GAS  /tmp/cc9ySkB2.s 			page 1


   1              		.cpu cortex-m4
   2              		.eabi_attribute 27, 1
   3              		.eabi_attribute 28, 1
   4              		.eabi_attribute 20, 1
   5              		.eabi_attribute 21, 1
   6              		.eabi_attribute 23, 3
   7              		.eabi_attribute 24, 1
   8              		.eabi_attribute 25, 1
   9              		.eabi_attribute 26, 1
  10              		.eabi_attribute 30, 6
  11              		.eabi_attribute 34, 1
  12              		.eabi_attribute 18, 4
  13              		.file	"scr.cpp"
  14              		.text
  15              	.Ltext0:
  16              		.cfi_sections	.debug_frame
  17              		.section	.rodata._ZStL19piecewise_construct,"a",%progbits
  18              		.align	2
  21              	_ZStL19piecewise_construct:
  22 0000 00       		.space	1
  23              		.section	.text._ZL20__gthread_key_deletei,"ax",%progbits
  24              		.align	1
  25              		.syntax unified
  26              		.thumb
  27              		.thumb_func
  28              		.fpu fpv4-sp-d16
  30              	_ZL20__gthread_key_deletei:
  31              	.LFB584:
  32              		.file 1 "/home/zht/stm32tools/arm-gcc/arm-none-eabi/include/c++/7.3.1/arm-none-eabi/thumb/v7e-m/fp
   1:/home/zht/stm32tools/arm-gcc/arm-none-eabi/include/c++/7.3.1/arm-none-eabi/thumb/v7e-m/fpv4-sp/hard/bits/gthr-default.h **** /* Threads compatibility routines for libgcc2 and libobjc.  */
   2:/home/zht/stm32tools/arm-gcc/arm-none-eabi/include/c++/7.3.1/arm-none-eabi/thumb/v7e-m/fpv4-sp/hard/bits/gthr-default.h **** /* Compile this one with gcc.  */
   3:/home/zht/stm32tools/arm-gcc/arm-none-eabi/include/c++/7.3.1/arm-none-eabi/thumb/v7e-m/fpv4-sp/hard/bits/gthr-default.h **** /* Copyright (C) 1997-2017 Free Software Foundation, Inc.
   4:/home/zht/stm32tools/arm-gcc/arm-none-eabi/include/c++/7.3.1/arm-none-eabi/thumb/v7e-m/fpv4-sp/hard/bits/gthr-default.h **** 
   5:/home/zht/stm32tools/arm-gcc/arm-none-eabi/include/c++/7.3.1/arm-none-eabi/thumb/v7e-m/fpv4-sp/hard/bits/gthr-default.h **** This file is part of GCC.
   6:/home/zht/stm32tools/arm-gcc/arm-none-eabi/include/c++/7.3.1/arm-none-eabi/thumb/v7e-m/fpv4-sp/hard/bits/gthr-default.h **** 
   7:/home/zht/stm32tools/arm-gcc/arm-none-eabi/include/c++/7.3.1/arm-none-eabi/thumb/v7e-m/fpv4-sp/hard/bits/gthr-default.h **** GCC is free software; you can redistribute it and/or modify it under
   8:/home/zht/stm32tools/arm-gcc/arm-none-eabi/include/c++/7.3.1/arm-none-eabi/thumb/v7e-m/fpv4-sp/hard/bits/gthr-default.h **** the terms of the GNU General Public License as published by the Free
   9:/home/zht/stm32tools/arm-gcc/arm-none-eabi/include/c++/7.3.1/arm-none-eabi/thumb/v7e-m/fpv4-sp/hard/bits/gthr-default.h **** Software Foundation; either version 3, or (at your option) any later
  10:/home/zht/stm32tools/arm-gcc/arm-none-eabi/include/c++/7.3.1/arm-none-eabi/thumb/v7e-m/fpv4-sp/hard/bits/gthr-default.h **** version.
  11:/home/zht/stm32tools/arm-gcc/arm-none-eabi/include/c++/7.3.1/arm-none-eabi/thumb/v7e-m/fpv4-sp/hard/bits/gthr-default.h **** 
  12:/home/zht/stm32tools/arm-gcc/arm-none-eabi/include/c++/7.3.1/arm-none-eabi/thumb/v7e-m/fpv4-sp/hard/bits/gthr-default.h **** GCC is distributed in the hope that it will be useful, but WITHOUT ANY
  13:/home/zht/stm32tools/arm-gcc/arm-none-eabi/include/c++/7.3.1/arm-none-eabi/thumb/v7e-m/fpv4-sp/hard/bits/gthr-default.h **** WARRANTY; without even the implied warranty of MERCHANTABILITY or
  14:/home/zht/stm32tools/arm-gcc/arm-none-eabi/include/c++/7.3.1/arm-none-eabi/thumb/v7e-m/fpv4-sp/hard/bits/gthr-default.h **** FITNESS FOR A PARTICULAR PURPOSE.  See the GNU General Public License
  15:/home/zht/stm32tools/arm-gcc/arm-none-eabi/include/c++/7.3.1/arm-none-eabi/thumb/v7e-m/fpv4-sp/hard/bits/gthr-default.h **** for more details.
  16:/home/zht/stm32tools/arm-gcc/arm-none-eabi/include/c++/7.3.1/arm-none-eabi/thumb/v7e-m/fpv4-sp/hard/bits/gthr-default.h **** 
  17:/home/zht/stm32tools/arm-gcc/arm-none-eabi/include/c++/7.3.1/arm-none-eabi/thumb/v7e-m/fpv4-sp/hard/bits/gthr-default.h **** Under Section 7 of GPL version 3, you are granted additional
  18:/home/zht/stm32tools/arm-gcc/arm-none-eabi/include/c++/7.3.1/arm-none-eabi/thumb/v7e-m/fpv4-sp/hard/bits/gthr-default.h **** permissions described in the GCC Runtime Library Exception, version
  19:/home/zht/stm32tools/arm-gcc/arm-none-eabi/include/c++/7.3.1/arm-none-eabi/thumb/v7e-m/fpv4-sp/hard/bits/gthr-default.h **** 3.1, as published by the Free Software Foundation.
  20:/home/zht/stm32tools/arm-gcc/arm-none-eabi/include/c++/7.3.1/arm-none-eabi/thumb/v7e-m/fpv4-sp/hard/bits/gthr-default.h **** 
  21:/home/zht/stm32tools/arm-gcc/arm-none-eabi/include/c++/7.3.1/arm-none-eabi/thumb/v7e-m/fpv4-sp/hard/bits/gthr-default.h **** You should have received a copy of the GNU General Public License and
  22:/home/zht/stm32tools/arm-gcc/arm-none-eabi/include/c++/7.3.1/arm-none-eabi/thumb/v7e-m/fpv4-sp/hard/bits/gthr-default.h **** a copy of the GCC Runtime Library Exception along with this program;
  23:/home/zht/stm32tools/arm-gcc/arm-none-eabi/include/c++/7.3.1/arm-none-eabi/thumb/v7e-m/fpv4-sp/hard/bits/gthr-default.h **** see the files COPYING3 and COPYING.RUNTIME respectively.  If not, see
  24:/home/zht/stm32tools/arm-gcc/arm-none-eabi/include/c++/7.3.1/arm-none-eabi/thumb/v7e-m/fpv4-sp/hard/bits/gthr-default.h **** <http://www.gnu.org/licenses/>.  */
  25:/home/zht/stm32tools/arm-gcc/arm-none-eabi/include/c++/7.3.1/arm-none-eabi/thumb/v7e-m/fpv4-sp/hard/bits/gthr-default.h **** 
  26:/home/zht/stm32tools/arm-gcc/arm-none-eabi/include/c++/7.3.1/arm-none-eabi/thumb/v7e-m/fpv4-sp/hard/bits/gthr-default.h **** #ifndef _GLIBCXX_GCC_GTHR_SINGLE_H
  27:/home/zht/stm32tools/arm-gcc/arm-none-eabi/include/c++/7.3.1/arm-none-eabi/thumb/v7e-m/fpv4-sp/hard/bits/gthr-default.h **** #define _GLIBCXX_GCC_GTHR_SINGLE_H
  28:/home/zht/stm32tools/arm-gcc/arm-none-eabi/include/c++/7.3.1/arm-none-eabi/thumb/v7e-m/fpv4-sp/hard/bits/gthr-default.h **** 
ARM GAS  /tmp/cc9ySkB2.s 			page 2


  29:/home/zht/stm32tools/arm-gcc/arm-none-eabi/include/c++/7.3.1/arm-none-eabi/thumb/v7e-m/fpv4-sp/hard/bits/gthr-default.h **** /* Just provide compatibility for mutex handling.  */
  30:/home/zht/stm32tools/arm-gcc/arm-none-eabi/include/c++/7.3.1/arm-none-eabi/thumb/v7e-m/fpv4-sp/hard/bits/gthr-default.h **** 
  31:/home/zht/stm32tools/arm-gcc/arm-none-eabi/include/c++/7.3.1/arm-none-eabi/thumb/v7e-m/fpv4-sp/hard/bits/gthr-default.h **** typedef int __gthread_key_t;
  32:/home/zht/stm32tools/arm-gcc/arm-none-eabi/include/c++/7.3.1/arm-none-eabi/thumb/v7e-m/fpv4-sp/hard/bits/gthr-default.h **** typedef int __gthread_once_t;
  33:/home/zht/stm32tools/arm-gcc/arm-none-eabi/include/c++/7.3.1/arm-none-eabi/thumb/v7e-m/fpv4-sp/hard/bits/gthr-default.h **** typedef int __gthread_mutex_t;
  34:/home/zht/stm32tools/arm-gcc/arm-none-eabi/include/c++/7.3.1/arm-none-eabi/thumb/v7e-m/fpv4-sp/hard/bits/gthr-default.h **** typedef int __gthread_recursive_mutex_t;
  35:/home/zht/stm32tools/arm-gcc/arm-none-eabi/include/c++/7.3.1/arm-none-eabi/thumb/v7e-m/fpv4-sp/hard/bits/gthr-default.h **** 
  36:/home/zht/stm32tools/arm-gcc/arm-none-eabi/include/c++/7.3.1/arm-none-eabi/thumb/v7e-m/fpv4-sp/hard/bits/gthr-default.h **** #define __GTHREAD_ONCE_INIT 0
  37:/home/zht/stm32tools/arm-gcc/arm-none-eabi/include/c++/7.3.1/arm-none-eabi/thumb/v7e-m/fpv4-sp/hard/bits/gthr-default.h **** #define __GTHREAD_MUTEX_INIT 0
  38:/home/zht/stm32tools/arm-gcc/arm-none-eabi/include/c++/7.3.1/arm-none-eabi/thumb/v7e-m/fpv4-sp/hard/bits/gthr-default.h **** #define __GTHREAD_MUTEX_INIT_FUNCTION(mx) do {} while (0)
  39:/home/zht/stm32tools/arm-gcc/arm-none-eabi/include/c++/7.3.1/arm-none-eabi/thumb/v7e-m/fpv4-sp/hard/bits/gthr-default.h **** #define __GTHREAD_RECURSIVE_MUTEX_INIT 0
  40:/home/zht/stm32tools/arm-gcc/arm-none-eabi/include/c++/7.3.1/arm-none-eabi/thumb/v7e-m/fpv4-sp/hard/bits/gthr-default.h **** 
  41:/home/zht/stm32tools/arm-gcc/arm-none-eabi/include/c++/7.3.1/arm-none-eabi/thumb/v7e-m/fpv4-sp/hard/bits/gthr-default.h **** #define _GLIBCXX_UNUSED __attribute__((__unused__))
  42:/home/zht/stm32tools/arm-gcc/arm-none-eabi/include/c++/7.3.1/arm-none-eabi/thumb/v7e-m/fpv4-sp/hard/bits/gthr-default.h **** 
  43:/home/zht/stm32tools/arm-gcc/arm-none-eabi/include/c++/7.3.1/arm-none-eabi/thumb/v7e-m/fpv4-sp/hard/bits/gthr-default.h **** #ifdef _LIBOBJC
  44:/home/zht/stm32tools/arm-gcc/arm-none-eabi/include/c++/7.3.1/arm-none-eabi/thumb/v7e-m/fpv4-sp/hard/bits/gthr-default.h **** 
  45:/home/zht/stm32tools/arm-gcc/arm-none-eabi/include/c++/7.3.1/arm-none-eabi/thumb/v7e-m/fpv4-sp/hard/bits/gthr-default.h **** /* Thread local storage for a single thread */
  46:/home/zht/stm32tools/arm-gcc/arm-none-eabi/include/c++/7.3.1/arm-none-eabi/thumb/v7e-m/fpv4-sp/hard/bits/gthr-default.h **** static void *thread_local_storage = NULL;
  47:/home/zht/stm32tools/arm-gcc/arm-none-eabi/include/c++/7.3.1/arm-none-eabi/thumb/v7e-m/fpv4-sp/hard/bits/gthr-default.h **** 
  48:/home/zht/stm32tools/arm-gcc/arm-none-eabi/include/c++/7.3.1/arm-none-eabi/thumb/v7e-m/fpv4-sp/hard/bits/gthr-default.h **** /* Backend initialization functions */
  49:/home/zht/stm32tools/arm-gcc/arm-none-eabi/include/c++/7.3.1/arm-none-eabi/thumb/v7e-m/fpv4-sp/hard/bits/gthr-default.h **** 
  50:/home/zht/stm32tools/arm-gcc/arm-none-eabi/include/c++/7.3.1/arm-none-eabi/thumb/v7e-m/fpv4-sp/hard/bits/gthr-default.h **** /* Initialize the threads subsystem.  */
  51:/home/zht/stm32tools/arm-gcc/arm-none-eabi/include/c++/7.3.1/arm-none-eabi/thumb/v7e-m/fpv4-sp/hard/bits/gthr-default.h **** static inline int
  52:/home/zht/stm32tools/arm-gcc/arm-none-eabi/include/c++/7.3.1/arm-none-eabi/thumb/v7e-m/fpv4-sp/hard/bits/gthr-default.h **** __gthread_objc_init_thread_system (void)
  53:/home/zht/stm32tools/arm-gcc/arm-none-eabi/include/c++/7.3.1/arm-none-eabi/thumb/v7e-m/fpv4-sp/hard/bits/gthr-default.h **** {
  54:/home/zht/stm32tools/arm-gcc/arm-none-eabi/include/c++/7.3.1/arm-none-eabi/thumb/v7e-m/fpv4-sp/hard/bits/gthr-default.h ****   /* No thread support available */
  55:/home/zht/stm32tools/arm-gcc/arm-none-eabi/include/c++/7.3.1/arm-none-eabi/thumb/v7e-m/fpv4-sp/hard/bits/gthr-default.h ****   return -1;
  56:/home/zht/stm32tools/arm-gcc/arm-none-eabi/include/c++/7.3.1/arm-none-eabi/thumb/v7e-m/fpv4-sp/hard/bits/gthr-default.h **** }
  57:/home/zht/stm32tools/arm-gcc/arm-none-eabi/include/c++/7.3.1/arm-none-eabi/thumb/v7e-m/fpv4-sp/hard/bits/gthr-default.h **** 
  58:/home/zht/stm32tools/arm-gcc/arm-none-eabi/include/c++/7.3.1/arm-none-eabi/thumb/v7e-m/fpv4-sp/hard/bits/gthr-default.h **** /* Close the threads subsystem.  */
  59:/home/zht/stm32tools/arm-gcc/arm-none-eabi/include/c++/7.3.1/arm-none-eabi/thumb/v7e-m/fpv4-sp/hard/bits/gthr-default.h **** static inline int
  60:/home/zht/stm32tools/arm-gcc/arm-none-eabi/include/c++/7.3.1/arm-none-eabi/thumb/v7e-m/fpv4-sp/hard/bits/gthr-default.h **** __gthread_objc_close_thread_system (void)
  61:/home/zht/stm32tools/arm-gcc/arm-none-eabi/include/c++/7.3.1/arm-none-eabi/thumb/v7e-m/fpv4-sp/hard/bits/gthr-default.h **** {
  62:/home/zht/stm32tools/arm-gcc/arm-none-eabi/include/c++/7.3.1/arm-none-eabi/thumb/v7e-m/fpv4-sp/hard/bits/gthr-default.h ****   /* No thread support available */
  63:/home/zht/stm32tools/arm-gcc/arm-none-eabi/include/c++/7.3.1/arm-none-eabi/thumb/v7e-m/fpv4-sp/hard/bits/gthr-default.h ****   return -1;
  64:/home/zht/stm32tools/arm-gcc/arm-none-eabi/include/c++/7.3.1/arm-none-eabi/thumb/v7e-m/fpv4-sp/hard/bits/gthr-default.h **** }
  65:/home/zht/stm32tools/arm-gcc/arm-none-eabi/include/c++/7.3.1/arm-none-eabi/thumb/v7e-m/fpv4-sp/hard/bits/gthr-default.h **** 
  66:/home/zht/stm32tools/arm-gcc/arm-none-eabi/include/c++/7.3.1/arm-none-eabi/thumb/v7e-m/fpv4-sp/hard/bits/gthr-default.h **** /* Backend thread functions */
  67:/home/zht/stm32tools/arm-gcc/arm-none-eabi/include/c++/7.3.1/arm-none-eabi/thumb/v7e-m/fpv4-sp/hard/bits/gthr-default.h **** 
  68:/home/zht/stm32tools/arm-gcc/arm-none-eabi/include/c++/7.3.1/arm-none-eabi/thumb/v7e-m/fpv4-sp/hard/bits/gthr-default.h **** /* Create a new thread of execution.  */
  69:/home/zht/stm32tools/arm-gcc/arm-none-eabi/include/c++/7.3.1/arm-none-eabi/thumb/v7e-m/fpv4-sp/hard/bits/gthr-default.h **** static inline objc_thread_t
  70:/home/zht/stm32tools/arm-gcc/arm-none-eabi/include/c++/7.3.1/arm-none-eabi/thumb/v7e-m/fpv4-sp/hard/bits/gthr-default.h **** __gthread_objc_thread_detach (void (* func)(void *), void * arg _GLIBCXX_UNUSED)
  71:/home/zht/stm32tools/arm-gcc/arm-none-eabi/include/c++/7.3.1/arm-none-eabi/thumb/v7e-m/fpv4-sp/hard/bits/gthr-default.h **** {
  72:/home/zht/stm32tools/arm-gcc/arm-none-eabi/include/c++/7.3.1/arm-none-eabi/thumb/v7e-m/fpv4-sp/hard/bits/gthr-default.h ****   /* No thread support available */
  73:/home/zht/stm32tools/arm-gcc/arm-none-eabi/include/c++/7.3.1/arm-none-eabi/thumb/v7e-m/fpv4-sp/hard/bits/gthr-default.h ****   return NULL;
  74:/home/zht/stm32tools/arm-gcc/arm-none-eabi/include/c++/7.3.1/arm-none-eabi/thumb/v7e-m/fpv4-sp/hard/bits/gthr-default.h **** }
  75:/home/zht/stm32tools/arm-gcc/arm-none-eabi/include/c++/7.3.1/arm-none-eabi/thumb/v7e-m/fpv4-sp/hard/bits/gthr-default.h **** 
  76:/home/zht/stm32tools/arm-gcc/arm-none-eabi/include/c++/7.3.1/arm-none-eabi/thumb/v7e-m/fpv4-sp/hard/bits/gthr-default.h **** /* Set the current thread's priority.  */
  77:/home/zht/stm32tools/arm-gcc/arm-none-eabi/include/c++/7.3.1/arm-none-eabi/thumb/v7e-m/fpv4-sp/hard/bits/gthr-default.h **** static inline int
  78:/home/zht/stm32tools/arm-gcc/arm-none-eabi/include/c++/7.3.1/arm-none-eabi/thumb/v7e-m/fpv4-sp/hard/bits/gthr-default.h **** __gthread_objc_thread_set_priority (int priority _GLIBCXX_UNUSED)
  79:/home/zht/stm32tools/arm-gcc/arm-none-eabi/include/c++/7.3.1/arm-none-eabi/thumb/v7e-m/fpv4-sp/hard/bits/gthr-default.h **** {
  80:/home/zht/stm32tools/arm-gcc/arm-none-eabi/include/c++/7.3.1/arm-none-eabi/thumb/v7e-m/fpv4-sp/hard/bits/gthr-default.h ****   /* No thread support available */
  81:/home/zht/stm32tools/arm-gcc/arm-none-eabi/include/c++/7.3.1/arm-none-eabi/thumb/v7e-m/fpv4-sp/hard/bits/gthr-default.h ****   return -1;
  82:/home/zht/stm32tools/arm-gcc/arm-none-eabi/include/c++/7.3.1/arm-none-eabi/thumb/v7e-m/fpv4-sp/hard/bits/gthr-default.h **** }
  83:/home/zht/stm32tools/arm-gcc/arm-none-eabi/include/c++/7.3.1/arm-none-eabi/thumb/v7e-m/fpv4-sp/hard/bits/gthr-default.h **** 
  84:/home/zht/stm32tools/arm-gcc/arm-none-eabi/include/c++/7.3.1/arm-none-eabi/thumb/v7e-m/fpv4-sp/hard/bits/gthr-default.h **** /* Return the current thread's priority.  */
  85:/home/zht/stm32tools/arm-gcc/arm-none-eabi/include/c++/7.3.1/arm-none-eabi/thumb/v7e-m/fpv4-sp/hard/bits/gthr-default.h **** static inline int
ARM GAS  /tmp/cc9ySkB2.s 			page 3


  86:/home/zht/stm32tools/arm-gcc/arm-none-eabi/include/c++/7.3.1/arm-none-eabi/thumb/v7e-m/fpv4-sp/hard/bits/gthr-default.h **** __gthread_objc_thread_get_priority (void)
  87:/home/zht/stm32tools/arm-gcc/arm-none-eabi/include/c++/7.3.1/arm-none-eabi/thumb/v7e-m/fpv4-sp/hard/bits/gthr-default.h **** {
  88:/home/zht/stm32tools/arm-gcc/arm-none-eabi/include/c++/7.3.1/arm-none-eabi/thumb/v7e-m/fpv4-sp/hard/bits/gthr-default.h ****   return OBJC_THREAD_INTERACTIVE_PRIORITY;
  89:/home/zht/stm32tools/arm-gcc/arm-none-eabi/include/c++/7.3.1/arm-none-eabi/thumb/v7e-m/fpv4-sp/hard/bits/gthr-default.h **** }
  90:/home/zht/stm32tools/arm-gcc/arm-none-eabi/include/c++/7.3.1/arm-none-eabi/thumb/v7e-m/fpv4-sp/hard/bits/gthr-default.h **** 
  91:/home/zht/stm32tools/arm-gcc/arm-none-eabi/include/c++/7.3.1/arm-none-eabi/thumb/v7e-m/fpv4-sp/hard/bits/gthr-default.h **** /* Yield our process time to another thread.  */
  92:/home/zht/stm32tools/arm-gcc/arm-none-eabi/include/c++/7.3.1/arm-none-eabi/thumb/v7e-m/fpv4-sp/hard/bits/gthr-default.h **** static inline void
  93:/home/zht/stm32tools/arm-gcc/arm-none-eabi/include/c++/7.3.1/arm-none-eabi/thumb/v7e-m/fpv4-sp/hard/bits/gthr-default.h **** __gthread_objc_thread_yield (void)
  94:/home/zht/stm32tools/arm-gcc/arm-none-eabi/include/c++/7.3.1/arm-none-eabi/thumb/v7e-m/fpv4-sp/hard/bits/gthr-default.h **** {
  95:/home/zht/stm32tools/arm-gcc/arm-none-eabi/include/c++/7.3.1/arm-none-eabi/thumb/v7e-m/fpv4-sp/hard/bits/gthr-default.h ****   return;
  96:/home/zht/stm32tools/arm-gcc/arm-none-eabi/include/c++/7.3.1/arm-none-eabi/thumb/v7e-m/fpv4-sp/hard/bits/gthr-default.h **** }
  97:/home/zht/stm32tools/arm-gcc/arm-none-eabi/include/c++/7.3.1/arm-none-eabi/thumb/v7e-m/fpv4-sp/hard/bits/gthr-default.h **** 
  98:/home/zht/stm32tools/arm-gcc/arm-none-eabi/include/c++/7.3.1/arm-none-eabi/thumb/v7e-m/fpv4-sp/hard/bits/gthr-default.h **** /* Terminate the current thread.  */
  99:/home/zht/stm32tools/arm-gcc/arm-none-eabi/include/c++/7.3.1/arm-none-eabi/thumb/v7e-m/fpv4-sp/hard/bits/gthr-default.h **** static inline int
 100:/home/zht/stm32tools/arm-gcc/arm-none-eabi/include/c++/7.3.1/arm-none-eabi/thumb/v7e-m/fpv4-sp/hard/bits/gthr-default.h **** __gthread_objc_thread_exit (void)
 101:/home/zht/stm32tools/arm-gcc/arm-none-eabi/include/c++/7.3.1/arm-none-eabi/thumb/v7e-m/fpv4-sp/hard/bits/gthr-default.h **** {
 102:/home/zht/stm32tools/arm-gcc/arm-none-eabi/include/c++/7.3.1/arm-none-eabi/thumb/v7e-m/fpv4-sp/hard/bits/gthr-default.h ****   /* No thread support available */
 103:/home/zht/stm32tools/arm-gcc/arm-none-eabi/include/c++/7.3.1/arm-none-eabi/thumb/v7e-m/fpv4-sp/hard/bits/gthr-default.h ****   /* Should we really exit the program */
 104:/home/zht/stm32tools/arm-gcc/arm-none-eabi/include/c++/7.3.1/arm-none-eabi/thumb/v7e-m/fpv4-sp/hard/bits/gthr-default.h ****   /* exit (&__objc_thread_exit_status); */
 105:/home/zht/stm32tools/arm-gcc/arm-none-eabi/include/c++/7.3.1/arm-none-eabi/thumb/v7e-m/fpv4-sp/hard/bits/gthr-default.h ****   return -1;
 106:/home/zht/stm32tools/arm-gcc/arm-none-eabi/include/c++/7.3.1/arm-none-eabi/thumb/v7e-m/fpv4-sp/hard/bits/gthr-default.h **** }
 107:/home/zht/stm32tools/arm-gcc/arm-none-eabi/include/c++/7.3.1/arm-none-eabi/thumb/v7e-m/fpv4-sp/hard/bits/gthr-default.h **** 
 108:/home/zht/stm32tools/arm-gcc/arm-none-eabi/include/c++/7.3.1/arm-none-eabi/thumb/v7e-m/fpv4-sp/hard/bits/gthr-default.h **** /* Returns an integer value which uniquely describes a thread.  */
 109:/home/zht/stm32tools/arm-gcc/arm-none-eabi/include/c++/7.3.1/arm-none-eabi/thumb/v7e-m/fpv4-sp/hard/bits/gthr-default.h **** static inline objc_thread_t
 110:/home/zht/stm32tools/arm-gcc/arm-none-eabi/include/c++/7.3.1/arm-none-eabi/thumb/v7e-m/fpv4-sp/hard/bits/gthr-default.h **** __gthread_objc_thread_id (void)
 111:/home/zht/stm32tools/arm-gcc/arm-none-eabi/include/c++/7.3.1/arm-none-eabi/thumb/v7e-m/fpv4-sp/hard/bits/gthr-default.h **** {
 112:/home/zht/stm32tools/arm-gcc/arm-none-eabi/include/c++/7.3.1/arm-none-eabi/thumb/v7e-m/fpv4-sp/hard/bits/gthr-default.h ****   /* No thread support, use 1.  */
 113:/home/zht/stm32tools/arm-gcc/arm-none-eabi/include/c++/7.3.1/arm-none-eabi/thumb/v7e-m/fpv4-sp/hard/bits/gthr-default.h ****   return (objc_thread_t) 1;
 114:/home/zht/stm32tools/arm-gcc/arm-none-eabi/include/c++/7.3.1/arm-none-eabi/thumb/v7e-m/fpv4-sp/hard/bits/gthr-default.h **** }
 115:/home/zht/stm32tools/arm-gcc/arm-none-eabi/include/c++/7.3.1/arm-none-eabi/thumb/v7e-m/fpv4-sp/hard/bits/gthr-default.h **** 
 116:/home/zht/stm32tools/arm-gcc/arm-none-eabi/include/c++/7.3.1/arm-none-eabi/thumb/v7e-m/fpv4-sp/hard/bits/gthr-default.h **** /* Sets the thread's local storage pointer.  */
 117:/home/zht/stm32tools/arm-gcc/arm-none-eabi/include/c++/7.3.1/arm-none-eabi/thumb/v7e-m/fpv4-sp/hard/bits/gthr-default.h **** static inline int
 118:/home/zht/stm32tools/arm-gcc/arm-none-eabi/include/c++/7.3.1/arm-none-eabi/thumb/v7e-m/fpv4-sp/hard/bits/gthr-default.h **** __gthread_objc_thread_set_data (void *value)
 119:/home/zht/stm32tools/arm-gcc/arm-none-eabi/include/c++/7.3.1/arm-none-eabi/thumb/v7e-m/fpv4-sp/hard/bits/gthr-default.h **** {
 120:/home/zht/stm32tools/arm-gcc/arm-none-eabi/include/c++/7.3.1/arm-none-eabi/thumb/v7e-m/fpv4-sp/hard/bits/gthr-default.h ****   thread_local_storage = value;
 121:/home/zht/stm32tools/arm-gcc/arm-none-eabi/include/c++/7.3.1/arm-none-eabi/thumb/v7e-m/fpv4-sp/hard/bits/gthr-default.h ****   return 0;
 122:/home/zht/stm32tools/arm-gcc/arm-none-eabi/include/c++/7.3.1/arm-none-eabi/thumb/v7e-m/fpv4-sp/hard/bits/gthr-default.h **** }
 123:/home/zht/stm32tools/arm-gcc/arm-none-eabi/include/c++/7.3.1/arm-none-eabi/thumb/v7e-m/fpv4-sp/hard/bits/gthr-default.h **** 
 124:/home/zht/stm32tools/arm-gcc/arm-none-eabi/include/c++/7.3.1/arm-none-eabi/thumb/v7e-m/fpv4-sp/hard/bits/gthr-default.h **** /* Returns the thread's local storage pointer.  */
 125:/home/zht/stm32tools/arm-gcc/arm-none-eabi/include/c++/7.3.1/arm-none-eabi/thumb/v7e-m/fpv4-sp/hard/bits/gthr-default.h **** static inline void *
 126:/home/zht/stm32tools/arm-gcc/arm-none-eabi/include/c++/7.3.1/arm-none-eabi/thumb/v7e-m/fpv4-sp/hard/bits/gthr-default.h **** __gthread_objc_thread_get_data (void)
 127:/home/zht/stm32tools/arm-gcc/arm-none-eabi/include/c++/7.3.1/arm-none-eabi/thumb/v7e-m/fpv4-sp/hard/bits/gthr-default.h **** {
 128:/home/zht/stm32tools/arm-gcc/arm-none-eabi/include/c++/7.3.1/arm-none-eabi/thumb/v7e-m/fpv4-sp/hard/bits/gthr-default.h ****   return thread_local_storage;
 129:/home/zht/stm32tools/arm-gcc/arm-none-eabi/include/c++/7.3.1/arm-none-eabi/thumb/v7e-m/fpv4-sp/hard/bits/gthr-default.h **** }
 130:/home/zht/stm32tools/arm-gcc/arm-none-eabi/include/c++/7.3.1/arm-none-eabi/thumb/v7e-m/fpv4-sp/hard/bits/gthr-default.h **** 
 131:/home/zht/stm32tools/arm-gcc/arm-none-eabi/include/c++/7.3.1/arm-none-eabi/thumb/v7e-m/fpv4-sp/hard/bits/gthr-default.h **** /* Backend mutex functions */
 132:/home/zht/stm32tools/arm-gcc/arm-none-eabi/include/c++/7.3.1/arm-none-eabi/thumb/v7e-m/fpv4-sp/hard/bits/gthr-default.h **** 
 133:/home/zht/stm32tools/arm-gcc/arm-none-eabi/include/c++/7.3.1/arm-none-eabi/thumb/v7e-m/fpv4-sp/hard/bits/gthr-default.h **** /* Allocate a mutex.  */
 134:/home/zht/stm32tools/arm-gcc/arm-none-eabi/include/c++/7.3.1/arm-none-eabi/thumb/v7e-m/fpv4-sp/hard/bits/gthr-default.h **** static inline int
 135:/home/zht/stm32tools/arm-gcc/arm-none-eabi/include/c++/7.3.1/arm-none-eabi/thumb/v7e-m/fpv4-sp/hard/bits/gthr-default.h **** __gthread_objc_mutex_allocate (objc_mutex_t mutex _GLIBCXX_UNUSED)
 136:/home/zht/stm32tools/arm-gcc/arm-none-eabi/include/c++/7.3.1/arm-none-eabi/thumb/v7e-m/fpv4-sp/hard/bits/gthr-default.h **** {
 137:/home/zht/stm32tools/arm-gcc/arm-none-eabi/include/c++/7.3.1/arm-none-eabi/thumb/v7e-m/fpv4-sp/hard/bits/gthr-default.h ****   return 0;
 138:/home/zht/stm32tools/arm-gcc/arm-none-eabi/include/c++/7.3.1/arm-none-eabi/thumb/v7e-m/fpv4-sp/hard/bits/gthr-default.h **** }
 139:/home/zht/stm32tools/arm-gcc/arm-none-eabi/include/c++/7.3.1/arm-none-eabi/thumb/v7e-m/fpv4-sp/hard/bits/gthr-default.h **** 
 140:/home/zht/stm32tools/arm-gcc/arm-none-eabi/include/c++/7.3.1/arm-none-eabi/thumb/v7e-m/fpv4-sp/hard/bits/gthr-default.h **** /* Deallocate a mutex.  */
 141:/home/zht/stm32tools/arm-gcc/arm-none-eabi/include/c++/7.3.1/arm-none-eabi/thumb/v7e-m/fpv4-sp/hard/bits/gthr-default.h **** static inline int
 142:/home/zht/stm32tools/arm-gcc/arm-none-eabi/include/c++/7.3.1/arm-none-eabi/thumb/v7e-m/fpv4-sp/hard/bits/gthr-default.h **** __gthread_objc_mutex_deallocate (objc_mutex_t mutex _GLIBCXX_UNUSED)
ARM GAS  /tmp/cc9ySkB2.s 			page 4


 143:/home/zht/stm32tools/arm-gcc/arm-none-eabi/include/c++/7.3.1/arm-none-eabi/thumb/v7e-m/fpv4-sp/hard/bits/gthr-default.h **** {
 144:/home/zht/stm32tools/arm-gcc/arm-none-eabi/include/c++/7.3.1/arm-none-eabi/thumb/v7e-m/fpv4-sp/hard/bits/gthr-default.h ****   return 0;
 145:/home/zht/stm32tools/arm-gcc/arm-none-eabi/include/c++/7.3.1/arm-none-eabi/thumb/v7e-m/fpv4-sp/hard/bits/gthr-default.h **** }
 146:/home/zht/stm32tools/arm-gcc/arm-none-eabi/include/c++/7.3.1/arm-none-eabi/thumb/v7e-m/fpv4-sp/hard/bits/gthr-default.h **** 
 147:/home/zht/stm32tools/arm-gcc/arm-none-eabi/include/c++/7.3.1/arm-none-eabi/thumb/v7e-m/fpv4-sp/hard/bits/gthr-default.h **** /* Grab a lock on a mutex.  */
 148:/home/zht/stm32tools/arm-gcc/arm-none-eabi/include/c++/7.3.1/arm-none-eabi/thumb/v7e-m/fpv4-sp/hard/bits/gthr-default.h **** static inline int
 149:/home/zht/stm32tools/arm-gcc/arm-none-eabi/include/c++/7.3.1/arm-none-eabi/thumb/v7e-m/fpv4-sp/hard/bits/gthr-default.h **** __gthread_objc_mutex_lock (objc_mutex_t mutex _GLIBCXX_UNUSED)
 150:/home/zht/stm32tools/arm-gcc/arm-none-eabi/include/c++/7.3.1/arm-none-eabi/thumb/v7e-m/fpv4-sp/hard/bits/gthr-default.h **** {
 151:/home/zht/stm32tools/arm-gcc/arm-none-eabi/include/c++/7.3.1/arm-none-eabi/thumb/v7e-m/fpv4-sp/hard/bits/gthr-default.h ****   /* There can only be one thread, so we always get the lock */
 152:/home/zht/stm32tools/arm-gcc/arm-none-eabi/include/c++/7.3.1/arm-none-eabi/thumb/v7e-m/fpv4-sp/hard/bits/gthr-default.h ****   return 0;
 153:/home/zht/stm32tools/arm-gcc/arm-none-eabi/include/c++/7.3.1/arm-none-eabi/thumb/v7e-m/fpv4-sp/hard/bits/gthr-default.h **** }
 154:/home/zht/stm32tools/arm-gcc/arm-none-eabi/include/c++/7.3.1/arm-none-eabi/thumb/v7e-m/fpv4-sp/hard/bits/gthr-default.h **** 
 155:/home/zht/stm32tools/arm-gcc/arm-none-eabi/include/c++/7.3.1/arm-none-eabi/thumb/v7e-m/fpv4-sp/hard/bits/gthr-default.h **** /* Try to grab a lock on a mutex.  */
 156:/home/zht/stm32tools/arm-gcc/arm-none-eabi/include/c++/7.3.1/arm-none-eabi/thumb/v7e-m/fpv4-sp/hard/bits/gthr-default.h **** static inline int
 157:/home/zht/stm32tools/arm-gcc/arm-none-eabi/include/c++/7.3.1/arm-none-eabi/thumb/v7e-m/fpv4-sp/hard/bits/gthr-default.h **** __gthread_objc_mutex_trylock (objc_mutex_t mutex _GLIBCXX_UNUSED)
 158:/home/zht/stm32tools/arm-gcc/arm-none-eabi/include/c++/7.3.1/arm-none-eabi/thumb/v7e-m/fpv4-sp/hard/bits/gthr-default.h **** {
 159:/home/zht/stm32tools/arm-gcc/arm-none-eabi/include/c++/7.3.1/arm-none-eabi/thumb/v7e-m/fpv4-sp/hard/bits/gthr-default.h ****   /* There can only be one thread, so we always get the lock */
 160:/home/zht/stm32tools/arm-gcc/arm-none-eabi/include/c++/7.3.1/arm-none-eabi/thumb/v7e-m/fpv4-sp/hard/bits/gthr-default.h ****   return 0;
 161:/home/zht/stm32tools/arm-gcc/arm-none-eabi/include/c++/7.3.1/arm-none-eabi/thumb/v7e-m/fpv4-sp/hard/bits/gthr-default.h **** }
 162:/home/zht/stm32tools/arm-gcc/arm-none-eabi/include/c++/7.3.1/arm-none-eabi/thumb/v7e-m/fpv4-sp/hard/bits/gthr-default.h **** 
 163:/home/zht/stm32tools/arm-gcc/arm-none-eabi/include/c++/7.3.1/arm-none-eabi/thumb/v7e-m/fpv4-sp/hard/bits/gthr-default.h **** /* Unlock the mutex */
 164:/home/zht/stm32tools/arm-gcc/arm-none-eabi/include/c++/7.3.1/arm-none-eabi/thumb/v7e-m/fpv4-sp/hard/bits/gthr-default.h **** static inline int
 165:/home/zht/stm32tools/arm-gcc/arm-none-eabi/include/c++/7.3.1/arm-none-eabi/thumb/v7e-m/fpv4-sp/hard/bits/gthr-default.h **** __gthread_objc_mutex_unlock (objc_mutex_t mutex _GLIBCXX_UNUSED)
 166:/home/zht/stm32tools/arm-gcc/arm-none-eabi/include/c++/7.3.1/arm-none-eabi/thumb/v7e-m/fpv4-sp/hard/bits/gthr-default.h **** {
 167:/home/zht/stm32tools/arm-gcc/arm-none-eabi/include/c++/7.3.1/arm-none-eabi/thumb/v7e-m/fpv4-sp/hard/bits/gthr-default.h ****   return 0;
 168:/home/zht/stm32tools/arm-gcc/arm-none-eabi/include/c++/7.3.1/arm-none-eabi/thumb/v7e-m/fpv4-sp/hard/bits/gthr-default.h **** }
 169:/home/zht/stm32tools/arm-gcc/arm-none-eabi/include/c++/7.3.1/arm-none-eabi/thumb/v7e-m/fpv4-sp/hard/bits/gthr-default.h **** 
 170:/home/zht/stm32tools/arm-gcc/arm-none-eabi/include/c++/7.3.1/arm-none-eabi/thumb/v7e-m/fpv4-sp/hard/bits/gthr-default.h **** /* Backend condition mutex functions */
 171:/home/zht/stm32tools/arm-gcc/arm-none-eabi/include/c++/7.3.1/arm-none-eabi/thumb/v7e-m/fpv4-sp/hard/bits/gthr-default.h **** 
 172:/home/zht/stm32tools/arm-gcc/arm-none-eabi/include/c++/7.3.1/arm-none-eabi/thumb/v7e-m/fpv4-sp/hard/bits/gthr-default.h **** /* Allocate a condition.  */
 173:/home/zht/stm32tools/arm-gcc/arm-none-eabi/include/c++/7.3.1/arm-none-eabi/thumb/v7e-m/fpv4-sp/hard/bits/gthr-default.h **** static inline int
 174:/home/zht/stm32tools/arm-gcc/arm-none-eabi/include/c++/7.3.1/arm-none-eabi/thumb/v7e-m/fpv4-sp/hard/bits/gthr-default.h **** __gthread_objc_condition_allocate (objc_condition_t condition _GLIBCXX_UNUSED)
 175:/home/zht/stm32tools/arm-gcc/arm-none-eabi/include/c++/7.3.1/arm-none-eabi/thumb/v7e-m/fpv4-sp/hard/bits/gthr-default.h **** {
 176:/home/zht/stm32tools/arm-gcc/arm-none-eabi/include/c++/7.3.1/arm-none-eabi/thumb/v7e-m/fpv4-sp/hard/bits/gthr-default.h ****   return 0;
 177:/home/zht/stm32tools/arm-gcc/arm-none-eabi/include/c++/7.3.1/arm-none-eabi/thumb/v7e-m/fpv4-sp/hard/bits/gthr-default.h **** }
 178:/home/zht/stm32tools/arm-gcc/arm-none-eabi/include/c++/7.3.1/arm-none-eabi/thumb/v7e-m/fpv4-sp/hard/bits/gthr-default.h **** 
 179:/home/zht/stm32tools/arm-gcc/arm-none-eabi/include/c++/7.3.1/arm-none-eabi/thumb/v7e-m/fpv4-sp/hard/bits/gthr-default.h **** /* Deallocate a condition.  */
 180:/home/zht/stm32tools/arm-gcc/arm-none-eabi/include/c++/7.3.1/arm-none-eabi/thumb/v7e-m/fpv4-sp/hard/bits/gthr-default.h **** static inline int
 181:/home/zht/stm32tools/arm-gcc/arm-none-eabi/include/c++/7.3.1/arm-none-eabi/thumb/v7e-m/fpv4-sp/hard/bits/gthr-default.h **** __gthread_objc_condition_deallocate (objc_condition_t condition _GLIBCXX_UNUSED)
 182:/home/zht/stm32tools/arm-gcc/arm-none-eabi/include/c++/7.3.1/arm-none-eabi/thumb/v7e-m/fpv4-sp/hard/bits/gthr-default.h **** {
 183:/home/zht/stm32tools/arm-gcc/arm-none-eabi/include/c++/7.3.1/arm-none-eabi/thumb/v7e-m/fpv4-sp/hard/bits/gthr-default.h ****   return 0;
 184:/home/zht/stm32tools/arm-gcc/arm-none-eabi/include/c++/7.3.1/arm-none-eabi/thumb/v7e-m/fpv4-sp/hard/bits/gthr-default.h **** }
 185:/home/zht/stm32tools/arm-gcc/arm-none-eabi/include/c++/7.3.1/arm-none-eabi/thumb/v7e-m/fpv4-sp/hard/bits/gthr-default.h **** 
 186:/home/zht/stm32tools/arm-gcc/arm-none-eabi/include/c++/7.3.1/arm-none-eabi/thumb/v7e-m/fpv4-sp/hard/bits/gthr-default.h **** /* Wait on the condition */
 187:/home/zht/stm32tools/arm-gcc/arm-none-eabi/include/c++/7.3.1/arm-none-eabi/thumb/v7e-m/fpv4-sp/hard/bits/gthr-default.h **** static inline int
 188:/home/zht/stm32tools/arm-gcc/arm-none-eabi/include/c++/7.3.1/arm-none-eabi/thumb/v7e-m/fpv4-sp/hard/bits/gthr-default.h **** __gthread_objc_condition_wait (objc_condition_t condition _GLIBCXX_UNUSED,
 189:/home/zht/stm32tools/arm-gcc/arm-none-eabi/include/c++/7.3.1/arm-none-eabi/thumb/v7e-m/fpv4-sp/hard/bits/gthr-default.h **** 			       objc_mutex_t mutex _GLIBCXX_UNUSED)
 190:/home/zht/stm32tools/arm-gcc/arm-none-eabi/include/c++/7.3.1/arm-none-eabi/thumb/v7e-m/fpv4-sp/hard/bits/gthr-default.h **** {
 191:/home/zht/stm32tools/arm-gcc/arm-none-eabi/include/c++/7.3.1/arm-none-eabi/thumb/v7e-m/fpv4-sp/hard/bits/gthr-default.h ****   return 0;
 192:/home/zht/stm32tools/arm-gcc/arm-none-eabi/include/c++/7.3.1/arm-none-eabi/thumb/v7e-m/fpv4-sp/hard/bits/gthr-default.h **** }
 193:/home/zht/stm32tools/arm-gcc/arm-none-eabi/include/c++/7.3.1/arm-none-eabi/thumb/v7e-m/fpv4-sp/hard/bits/gthr-default.h **** 
 194:/home/zht/stm32tools/arm-gcc/arm-none-eabi/include/c++/7.3.1/arm-none-eabi/thumb/v7e-m/fpv4-sp/hard/bits/gthr-default.h **** /* Wake up all threads waiting on this condition.  */
 195:/home/zht/stm32tools/arm-gcc/arm-none-eabi/include/c++/7.3.1/arm-none-eabi/thumb/v7e-m/fpv4-sp/hard/bits/gthr-default.h **** static inline int
 196:/home/zht/stm32tools/arm-gcc/arm-none-eabi/include/c++/7.3.1/arm-none-eabi/thumb/v7e-m/fpv4-sp/hard/bits/gthr-default.h **** __gthread_objc_condition_broadcast (objc_condition_t condition _GLIBCXX_UNUSED)
 197:/home/zht/stm32tools/arm-gcc/arm-none-eabi/include/c++/7.3.1/arm-none-eabi/thumb/v7e-m/fpv4-sp/hard/bits/gthr-default.h **** {
 198:/home/zht/stm32tools/arm-gcc/arm-none-eabi/include/c++/7.3.1/arm-none-eabi/thumb/v7e-m/fpv4-sp/hard/bits/gthr-default.h ****   return 0;
 199:/home/zht/stm32tools/arm-gcc/arm-none-eabi/include/c++/7.3.1/arm-none-eabi/thumb/v7e-m/fpv4-sp/hard/bits/gthr-default.h **** }
ARM GAS  /tmp/cc9ySkB2.s 			page 5


 200:/home/zht/stm32tools/arm-gcc/arm-none-eabi/include/c++/7.3.1/arm-none-eabi/thumb/v7e-m/fpv4-sp/hard/bits/gthr-default.h **** 
 201:/home/zht/stm32tools/arm-gcc/arm-none-eabi/include/c++/7.3.1/arm-none-eabi/thumb/v7e-m/fpv4-sp/hard/bits/gthr-default.h **** /* Wake up one thread waiting on this condition.  */
 202:/home/zht/stm32tools/arm-gcc/arm-none-eabi/include/c++/7.3.1/arm-none-eabi/thumb/v7e-m/fpv4-sp/hard/bits/gthr-default.h **** static inline int
 203:/home/zht/stm32tools/arm-gcc/arm-none-eabi/include/c++/7.3.1/arm-none-eabi/thumb/v7e-m/fpv4-sp/hard/bits/gthr-default.h **** __gthread_objc_condition_signal (objc_condition_t condition _GLIBCXX_UNUSED)
 204:/home/zht/stm32tools/arm-gcc/arm-none-eabi/include/c++/7.3.1/arm-none-eabi/thumb/v7e-m/fpv4-sp/hard/bits/gthr-default.h **** {
 205:/home/zht/stm32tools/arm-gcc/arm-none-eabi/include/c++/7.3.1/arm-none-eabi/thumb/v7e-m/fpv4-sp/hard/bits/gthr-default.h ****   return 0;
 206:/home/zht/stm32tools/arm-gcc/arm-none-eabi/include/c++/7.3.1/arm-none-eabi/thumb/v7e-m/fpv4-sp/hard/bits/gthr-default.h **** }
 207:/home/zht/stm32tools/arm-gcc/arm-none-eabi/include/c++/7.3.1/arm-none-eabi/thumb/v7e-m/fpv4-sp/hard/bits/gthr-default.h **** 
 208:/home/zht/stm32tools/arm-gcc/arm-none-eabi/include/c++/7.3.1/arm-none-eabi/thumb/v7e-m/fpv4-sp/hard/bits/gthr-default.h **** #else /* _LIBOBJC */
 209:/home/zht/stm32tools/arm-gcc/arm-none-eabi/include/c++/7.3.1/arm-none-eabi/thumb/v7e-m/fpv4-sp/hard/bits/gthr-default.h **** 
 210:/home/zht/stm32tools/arm-gcc/arm-none-eabi/include/c++/7.3.1/arm-none-eabi/thumb/v7e-m/fpv4-sp/hard/bits/gthr-default.h **** static inline int
 211:/home/zht/stm32tools/arm-gcc/arm-none-eabi/include/c++/7.3.1/arm-none-eabi/thumb/v7e-m/fpv4-sp/hard/bits/gthr-default.h **** __gthread_active_p (void)
 212:/home/zht/stm32tools/arm-gcc/arm-none-eabi/include/c++/7.3.1/arm-none-eabi/thumb/v7e-m/fpv4-sp/hard/bits/gthr-default.h **** {
 213:/home/zht/stm32tools/arm-gcc/arm-none-eabi/include/c++/7.3.1/arm-none-eabi/thumb/v7e-m/fpv4-sp/hard/bits/gthr-default.h ****   return 0;
 214:/home/zht/stm32tools/arm-gcc/arm-none-eabi/include/c++/7.3.1/arm-none-eabi/thumb/v7e-m/fpv4-sp/hard/bits/gthr-default.h **** }
 215:/home/zht/stm32tools/arm-gcc/arm-none-eabi/include/c++/7.3.1/arm-none-eabi/thumb/v7e-m/fpv4-sp/hard/bits/gthr-default.h **** 
 216:/home/zht/stm32tools/arm-gcc/arm-none-eabi/include/c++/7.3.1/arm-none-eabi/thumb/v7e-m/fpv4-sp/hard/bits/gthr-default.h **** static inline int
 217:/home/zht/stm32tools/arm-gcc/arm-none-eabi/include/c++/7.3.1/arm-none-eabi/thumb/v7e-m/fpv4-sp/hard/bits/gthr-default.h **** __gthread_once (__gthread_once_t *__once _GLIBCXX_UNUSED, void (*__func) (void) _GLIBCXX_UNUSED)
 218:/home/zht/stm32tools/arm-gcc/arm-none-eabi/include/c++/7.3.1/arm-none-eabi/thumb/v7e-m/fpv4-sp/hard/bits/gthr-default.h **** {
 219:/home/zht/stm32tools/arm-gcc/arm-none-eabi/include/c++/7.3.1/arm-none-eabi/thumb/v7e-m/fpv4-sp/hard/bits/gthr-default.h ****   return 0;
 220:/home/zht/stm32tools/arm-gcc/arm-none-eabi/include/c++/7.3.1/arm-none-eabi/thumb/v7e-m/fpv4-sp/hard/bits/gthr-default.h **** }
 221:/home/zht/stm32tools/arm-gcc/arm-none-eabi/include/c++/7.3.1/arm-none-eabi/thumb/v7e-m/fpv4-sp/hard/bits/gthr-default.h **** 
 222:/home/zht/stm32tools/arm-gcc/arm-none-eabi/include/c++/7.3.1/arm-none-eabi/thumb/v7e-m/fpv4-sp/hard/bits/gthr-default.h **** static inline int _GLIBCXX_UNUSED
 223:/home/zht/stm32tools/arm-gcc/arm-none-eabi/include/c++/7.3.1/arm-none-eabi/thumb/v7e-m/fpv4-sp/hard/bits/gthr-default.h **** __gthread_key_create (__gthread_key_t *__key _GLIBCXX_UNUSED, void (*__func) (void *) _GLIBCXX_UNUS
 224:/home/zht/stm32tools/arm-gcc/arm-none-eabi/include/c++/7.3.1/arm-none-eabi/thumb/v7e-m/fpv4-sp/hard/bits/gthr-default.h **** {
 225:/home/zht/stm32tools/arm-gcc/arm-none-eabi/include/c++/7.3.1/arm-none-eabi/thumb/v7e-m/fpv4-sp/hard/bits/gthr-default.h ****   return 0;
 226:/home/zht/stm32tools/arm-gcc/arm-none-eabi/include/c++/7.3.1/arm-none-eabi/thumb/v7e-m/fpv4-sp/hard/bits/gthr-default.h **** }
 227:/home/zht/stm32tools/arm-gcc/arm-none-eabi/include/c++/7.3.1/arm-none-eabi/thumb/v7e-m/fpv4-sp/hard/bits/gthr-default.h **** 
 228:/home/zht/stm32tools/arm-gcc/arm-none-eabi/include/c++/7.3.1/arm-none-eabi/thumb/v7e-m/fpv4-sp/hard/bits/gthr-default.h **** static int _GLIBCXX_UNUSED
 229:/home/zht/stm32tools/arm-gcc/arm-none-eabi/include/c++/7.3.1/arm-none-eabi/thumb/v7e-m/fpv4-sp/hard/bits/gthr-default.h **** __gthread_key_delete (__gthread_key_t __key _GLIBCXX_UNUSED)
 230:/home/zht/stm32tools/arm-gcc/arm-none-eabi/include/c++/7.3.1/arm-none-eabi/thumb/v7e-m/fpv4-sp/hard/bits/gthr-default.h **** {
  33              		.loc 1 230 0
  34              		.cfi_startproc
  35              		@ args = 0, pretend = 0, frame = 8
  36              		@ frame_needed = 1, uses_anonymous_args = 0
  37              		@ link register save eliminated.
  38 0000 80B4     		push	{r7}
  39              	.LCFI0:
  40              		.cfi_def_cfa_offset 4
  41              		.cfi_offset 7, -4
  42 0002 83B0     		sub	sp, sp, #12
  43              	.LCFI1:
  44              		.cfi_def_cfa_offset 16
  45 0004 00AF     		add	r7, sp, #0
  46              	.LCFI2:
  47              		.cfi_def_cfa_register 7
  48 0006 7860     		str	r0, [r7, #4]
 231:/home/zht/stm32tools/arm-gcc/arm-none-eabi/include/c++/7.3.1/arm-none-eabi/thumb/v7e-m/fpv4-sp/hard/bits/gthr-default.h ****   return 0;
  49              		.loc 1 231 0
  50 0008 0023     		movs	r3, #0
 232:/home/zht/stm32tools/arm-gcc/arm-none-eabi/include/c++/7.3.1/arm-none-eabi/thumb/v7e-m/fpv4-sp/hard/bits/gthr-default.h **** }
  51              		.loc 1 232 0
  52 000a 1846     		mov	r0, r3
  53 000c 0C37     		adds	r7, r7, #12
  54              	.LCFI3:
  55              		.cfi_def_cfa_offset 4
  56 000e BD46     		mov	sp, r7
ARM GAS  /tmp/cc9ySkB2.s 			page 6


  57              	.LCFI4:
  58              		.cfi_def_cfa_register 13
  59              		@ sp needed
  60 0010 5DF8047B 		ldr	r7, [sp], #4
  61              	.LCFI5:
  62              		.cfi_restore 7
  63              		.cfi_def_cfa_offset 0
  64 0014 7047     		bx	lr
  65              		.cfi_endproc
  66              	.LFE584:
  68              		.section	.bss._ZStL8__ioinit,"aw",%nobits
  69              		.align	2
  72              	_ZStL8__ioinit:
  73 0000 00       		.space	1
  74              		.section	.text._Z14throwExceptionNSt7__cxx1112basic_stringIcSt11char_traitsIcESaIcEEE,"ax",%progbi
  75              		.align	1
  76              		.weak	_Z14throwExceptionNSt7__cxx1112basic_stringIcSt11char_traitsIcESaIcEEE
  77              		.syntax unified
  78              		.thumb
  79              		.thumb_func
  80              		.fpu fpv4-sp-d16
  82              	_Z14throwExceptionNSt7__cxx1112basic_stringIcSt11char_traitsIcESaIcEEE:
  83              	.LFB2283:
  84              		.file 2 "STM32CubeRobotics-Framework/Drivers/inc/scr_dependancy.h"
   1:STM32CubeRobotics-Framework/Drivers/inc/scr_dependancy.h **** #ifndef __SCR_DEPENDANCY_H
   2:STM32CubeRobotics-Framework/Drivers/inc/scr_dependancy.h **** #define __SCR_DEPENDANCY_H
   3:STM32CubeRobotics-Framework/Drivers/inc/scr_dependancy.h **** 
   4:STM32CubeRobotics-Framework/Drivers/inc/scr_dependancy.h **** 
   5:STM32CubeRobotics-Framework/Drivers/inc/scr_dependancy.h **** /*========================================================================*/
   6:STM32CubeRobotics-Framework/Drivers/inc/scr_dependancy.h **** #define DEVICE_FAMILY_STM32F4
   7:STM32CubeRobotics-Framework/Drivers/inc/scr_dependancy.h **** /*========================================================================*/
   8:STM32CubeRobotics-Framework/Drivers/inc/scr_dependancy.h **** 
   9:STM32CubeRobotics-Framework/Drivers/inc/scr_dependancy.h **** /*========================================================================*/
  10:STM32CubeRobotics-Framework/Drivers/inc/scr_dependancy.h ****     /*C includes*/
  11:STM32CubeRobotics-Framework/Drivers/inc/scr_dependancy.h **** extern "C" {
  12:STM32CubeRobotics-Framework/Drivers/inc/scr_dependancy.h **** 
  13:STM32CubeRobotics-Framework/Drivers/inc/scr_dependancy.h **** #ifdef DEVICE_FAMILY_STM32F1
  14:STM32CubeRobotics-Framework/Drivers/inc/scr_dependancy.h ****     #include "stm32f1xx_hal.h"
  15:STM32CubeRobotics-Framework/Drivers/inc/scr_dependancy.h **** #endif
  16:STM32CubeRobotics-Framework/Drivers/inc/scr_dependancy.h **** 
  17:STM32CubeRobotics-Framework/Drivers/inc/scr_dependancy.h **** #ifdef DEVICE_FAMILY_STM32F3
  18:STM32CubeRobotics-Framework/Drivers/inc/scr_dependancy.h ****     #include "stm32f3xx_hal.h"
  19:STM32CubeRobotics-Framework/Drivers/inc/scr_dependancy.h **** #endif
  20:STM32CubeRobotics-Framework/Drivers/inc/scr_dependancy.h **** 
  21:STM32CubeRobotics-Framework/Drivers/inc/scr_dependancy.h **** #ifdef DEVICE_FAMILY_STM32F4
  22:STM32CubeRobotics-Framework/Drivers/inc/scr_dependancy.h ****     #include "stm32f4xx_hal.h"
  23:STM32CubeRobotics-Framework/Drivers/inc/scr_dependancy.h **** #endif
  24:STM32CubeRobotics-Framework/Drivers/inc/scr_dependancy.h **** 
  25:STM32CubeRobotics-Framework/Drivers/inc/scr_dependancy.h **** #ifdef DEVICE_FAMILY_STM32F7
  26:STM32CubeRobotics-Framework/Drivers/inc/scr_dependancy.h ****     #include "stm32f7xx_hal.h"
  27:STM32CubeRobotics-Framework/Drivers/inc/scr_dependancy.h **** #endif
  28:STM32CubeRobotics-Framework/Drivers/inc/scr_dependancy.h **** 
  29:STM32CubeRobotics-Framework/Drivers/inc/scr_dependancy.h ****     #include "cmsis_os.h"
  30:STM32CubeRobotics-Framework/Drivers/inc/scr_dependancy.h **** }
  31:STM32CubeRobotics-Framework/Drivers/inc/scr_dependancy.h **** /*========================================================================*/
  32:STM32CubeRobotics-Framework/Drivers/inc/scr_dependancy.h **** 
  33:STM32CubeRobotics-Framework/Drivers/inc/scr_dependancy.h **** 
ARM GAS  /tmp/cc9ySkB2.s 			page 7


  34:STM32CubeRobotics-Framework/Drivers/inc/scr_dependancy.h **** /*========================================================================*/
  35:STM32CubeRobotics-Framework/Drivers/inc/scr_dependancy.h ****     /*C++ includes*/
  36:STM32CubeRobotics-Framework/Drivers/inc/scr_dependancy.h **** 
  37:STM32CubeRobotics-Framework/Drivers/inc/scr_dependancy.h **** #include <iostream>
  38:STM32CubeRobotics-Framework/Drivers/inc/scr_dependancy.h **** #include <atomic>
  39:STM32CubeRobotics-Framework/Drivers/inc/scr_dependancy.h **** #include <cstring>
  40:STM32CubeRobotics-Framework/Drivers/inc/scr_dependancy.h **** #include <vector>
  41:STM32CubeRobotics-Framework/Drivers/inc/scr_dependancy.h **** #include <sstream>
  42:STM32CubeRobotics-Framework/Drivers/inc/scr_dependancy.h **** 
  43:STM32CubeRobotics-Framework/Drivers/inc/scr_dependancy.h **** /*========================================================================*/
  44:STM32CubeRobotics-Framework/Drivers/inc/scr_dependancy.h **** 
  45:STM32CubeRobotics-Framework/Drivers/inc/scr_dependancy.h **** namespace scr {
  46:STM32CubeRobotics-Framework/Drivers/inc/scr_dependancy.h ****     enum logic_level : int {High, Low};
  47:STM32CubeRobotics-Framework/Drivers/inc/scr_dependancy.h ****     enum periph_status : int
  48:STM32CubeRobotics-Framework/Drivers/inc/scr_dependancy.h ****     {	
  49:STM32CubeRobotics-Framework/Drivers/inc/scr_dependancy.h ****         NotReady,
  50:STM32CubeRobotics-Framework/Drivers/inc/scr_dependancy.h ****         Initialized,
  51:STM32CubeRobotics-Framework/Drivers/inc/scr_dependancy.h ****         InProgress,
  52:STM32CubeRobotics-Framework/Drivers/inc/scr_dependancy.h ****         Completed,
  53:STM32CubeRobotics-Framework/Drivers/inc/scr_dependancy.h ****         TimeOut,
  54:STM32CubeRobotics-Framework/Drivers/inc/scr_dependancy.h ****         Error
  55:STM32CubeRobotics-Framework/Drivers/inc/scr_dependancy.h ****     };
  56:STM32CubeRobotics-Framework/Drivers/inc/scr_dependancy.h ****     enum periph_mode {
  57:STM32CubeRobotics-Framework/Drivers/inc/scr_dependancy.h ****         Polling,
  58:STM32CubeRobotics-Framework/Drivers/inc/scr_dependancy.h ****         Interrupt,
  59:STM32CubeRobotics-Framework/Drivers/inc/scr_dependancy.h ****         DMA // direct memory access
  60:STM32CubeRobotics-Framework/Drivers/inc/scr_dependancy.h ****     };
  61:STM32CubeRobotics-Framework/Drivers/inc/scr_dependancy.h ****     enum delay_mode {
  62:STM32CubeRobotics-Framework/Drivers/inc/scr_dependancy.h ****         HAL,
  63:STM32CubeRobotics-Framework/Drivers/inc/scr_dependancy.h ****         RTOS
  64:STM32CubeRobotics-Framework/Drivers/inc/scr_dependancy.h ****     };
  65:STM32CubeRobotics-Framework/Drivers/inc/scr_dependancy.h **** }
  66:STM32CubeRobotics-Framework/Drivers/inc/scr_dependancy.h **** 
  67:STM32CubeRobotics-Framework/Drivers/inc/scr_dependancy.h **** typedef uint8_t byte_t;
  68:STM32CubeRobotics-Framework/Drivers/inc/scr_dependancy.h **** 
  69:STM32CubeRobotics-Framework/Drivers/inc/scr_dependancy.h **** 
  70:STM32CubeRobotics-Framework/Drivers/inc/scr_dependancy.h **** __weak void throwException(std::string str) {
  85              		.loc 2 70 0
  86              		.cfi_startproc
  87              		@ args = 0, pretend = 0, frame = 8
  88              		@ frame_needed = 1, uses_anonymous_args = 0
  89              		@ link register save eliminated.
  90 0000 80B4     		push	{r7}
  91              	.LCFI6:
  92              		.cfi_def_cfa_offset 4
  93              		.cfi_offset 7, -4
  94 0002 83B0     		sub	sp, sp, #12
  95              	.LCFI7:
  96              		.cfi_def_cfa_offset 16
  97 0004 00AF     		add	r7, sp, #0
  98              	.LCFI8:
  99              		.cfi_def_cfa_register 7
 100 0006 7860     		str	r0, [r7, #4]
  71:STM32CubeRobotics-Framework/Drivers/inc/scr_dependancy.h ****     UNUSED(str);
  72:STM32CubeRobotics-Framework/Drivers/inc/scr_dependancy.h **** }
 101              		.loc 2 72 0
 102 0008 00BF     		nop
ARM GAS  /tmp/cc9ySkB2.s 			page 8


 103 000a 0C37     		adds	r7, r7, #12
 104              	.LCFI9:
 105              		.cfi_def_cfa_offset 4
 106 000c BD46     		mov	sp, r7
 107              	.LCFI10:
 108              		.cfi_def_cfa_register 13
 109              		@ sp needed
 110 000e 5DF8047B 		ldr	r7, [sp], #4
 111              	.LCFI11:
 112              		.cfi_restore 7
 113              		.cfi_def_cfa_offset 0
 114 0012 7047     		bx	lr
 115              		.cfi_endproc
 116              	.LFE2283:
 118              		.global	_ZN3scr7new_cntE
 119              		.section	.bss._ZN3scr7new_cntE,"aw",%nobits
 120              		.align	2
 123              	_ZN3scr7new_cntE:
 124 0000 00000000 		.space	4
 125              		.section	.text._Znwj,"ax",%progbits
 126              		.align	1
 127              		.global	_Znwj
 128              		.syntax unified
 129              		.thumb
 130              		.thumb_func
 131              		.fpu fpv4-sp-d16
 133              	_Znwj:
 134              	.LFB2298:
 135              		.file 3 "STM32CubeRobotics-Framework/Drivers/src/scr.cpp"
   1:STM32CubeRobotics-Framework/Drivers/src/scr.cpp **** #include "scr.h"
   2:STM32CubeRobotics-Framework/Drivers/src/scr.cpp **** #include "scr_dependancy.h"
   3:STM32CubeRobotics-Framework/Drivers/src/scr.cpp **** #include <iostream>
   4:STM32CubeRobotics-Framework/Drivers/src/scr.cpp **** 
   5:STM32CubeRobotics-Framework/Drivers/src/scr.cpp **** 
   6:STM32CubeRobotics-Framework/Drivers/src/scr.cpp **** //====================================================================//
   7:STM32CubeRobotics-Framework/Drivers/src/scr.cpp **** /* Global overload of new & delete operator
   8:STM32CubeRobotics-Framework/Drivers/src/scr.cpp ****  * let freeRTOS handle memory allocation for better efficiency
   9:STM32CubeRobotics-Framework/Drivers/src/scr.cpp ****  * logging scheme is added to track memory leak
  10:STM32CubeRobotics-Framework/Drivers/src/scr.cpp ****  * */
  11:STM32CubeRobotics-Framework/Drivers/src/scr.cpp **** 
  12:STM32CubeRobotics-Framework/Drivers/src/scr.cpp **** // Ignore the error squiggles
  13:STM32CubeRobotics-Framework/Drivers/src/scr.cpp **** 
  14:STM32CubeRobotics-Framework/Drivers/src/scr.cpp **** namespace scr {
  15:STM32CubeRobotics-Framework/Drivers/src/scr.cpp ****     int new_cnt = 0;
  16:STM32CubeRobotics-Framework/Drivers/src/scr.cpp **** }
  17:STM32CubeRobotics-Framework/Drivers/src/scr.cpp **** 
  18:STM32CubeRobotics-Framework/Drivers/src/scr.cpp **** void* operator new(size_t size)
  19:STM32CubeRobotics-Framework/Drivers/src/scr.cpp **** {
 136              		.loc 3 19 0
 137              		.cfi_startproc
 138              		@ args = 0, pretend = 0, frame = 16
 139              		@ frame_needed = 1, uses_anonymous_args = 0
 140 0000 80B5     		push	{r7, lr}
 141              	.LCFI12:
 142              		.cfi_def_cfa_offset 8
 143              		.cfi_offset 7, -8
 144              		.cfi_offset 14, -4
ARM GAS  /tmp/cc9ySkB2.s 			page 9


 145 0002 84B0     		sub	sp, sp, #16
 146              	.LCFI13:
 147              		.cfi_def_cfa_offset 24
 148 0004 00AF     		add	r7, sp, #0
 149              	.LCFI14:
 150              		.cfi_def_cfa_register 7
 151 0006 7860     		str	r0, [r7, #4]
  20:STM32CubeRobotics-Framework/Drivers/src/scr.cpp ****     void *p = pvPortMalloc(size);
 152              		.loc 3 20 0
 153 0008 7868     		ldr	r0, [r7, #4]
 154 000a FFF7FEFF 		bl	pvPortMalloc
 155 000e F860     		str	r0, [r7, #12]
  21:STM32CubeRobotics-Framework/Drivers/src/scr.cpp ****     scr::new_cnt++;
 156              		.loc 3 21 0
 157 0010 044B     		ldr	r3, .L6
 158 0012 1B68     		ldr	r3, [r3]
 159 0014 0133     		adds	r3, r3, #1
 160 0016 034A     		ldr	r2, .L6
 161 0018 1360     		str	r3, [r2]
  22:STM32CubeRobotics-Framework/Drivers/src/scr.cpp **** 	return p;
 162              		.loc 3 22 0
 163 001a FB68     		ldr	r3, [r7, #12]
  23:STM32CubeRobotics-Framework/Drivers/src/scr.cpp **** }
 164              		.loc 3 23 0
 165 001c 1846     		mov	r0, r3
 166 001e 1037     		adds	r7, r7, #16
 167              	.LCFI15:
 168              		.cfi_def_cfa_offset 8
 169 0020 BD46     		mov	sp, r7
 170              	.LCFI16:
 171              		.cfi_def_cfa_register 13
 172              		@ sp needed
 173 0022 80BD     		pop	{r7, pc}
 174              	.L7:
 175              		.align	2
 176              	.L6:
 177 0024 00000000 		.word	_ZN3scr7new_cntE
 178              		.cfi_endproc
 179              	.LFE2298:
 181              		.section	.text._Znaj,"ax",%progbits
 182              		.align	1
 183              		.global	_Znaj
 184              		.syntax unified
 185              		.thumb
 186              		.thumb_func
 187              		.fpu fpv4-sp-d16
 189              	_Znaj:
 190              	.LFB2299:
  24:STM32CubeRobotics-Framework/Drivers/src/scr.cpp **** 
  25:STM32CubeRobotics-Framework/Drivers/src/scr.cpp **** void* operator new[](size_t size)
  26:STM32CubeRobotics-Framework/Drivers/src/scr.cpp **** {
 191              		.loc 3 26 0
 192              		.cfi_startproc
 193              		@ args = 0, pretend = 0, frame = 16
 194              		@ frame_needed = 1, uses_anonymous_args = 0
 195 0000 80B5     		push	{r7, lr}
 196              	.LCFI17:
ARM GAS  /tmp/cc9ySkB2.s 			page 10


 197              		.cfi_def_cfa_offset 8
 198              		.cfi_offset 7, -8
 199              		.cfi_offset 14, -4
 200 0002 84B0     		sub	sp, sp, #16
 201              	.LCFI18:
 202              		.cfi_def_cfa_offset 24
 203 0004 00AF     		add	r7, sp, #0
 204              	.LCFI19:
 205              		.cfi_def_cfa_register 7
 206 0006 7860     		str	r0, [r7, #4]
  27:STM32CubeRobotics-Framework/Drivers/src/scr.cpp ****     void *p = pvPortMalloc(size);
 207              		.loc 3 27 0
 208 0008 7868     		ldr	r0, [r7, #4]
 209 000a FFF7FEFF 		bl	pvPortMalloc
 210 000e F860     		str	r0, [r7, #12]
  28:STM32CubeRobotics-Framework/Drivers/src/scr.cpp ****     scr::new_cnt++;
 211              		.loc 3 28 0
 212 0010 044B     		ldr	r3, .L10
 213 0012 1B68     		ldr	r3, [r3]
 214 0014 0133     		adds	r3, r3, #1
 215 0016 034A     		ldr	r2, .L10
 216 0018 1360     		str	r3, [r2]
  29:STM32CubeRobotics-Framework/Drivers/src/scr.cpp **** 	return p;
 217              		.loc 3 29 0
 218 001a FB68     		ldr	r3, [r7, #12]
  30:STM32CubeRobotics-Framework/Drivers/src/scr.cpp **** }
 219              		.loc 3 30 0
 220 001c 1846     		mov	r0, r3
 221 001e 1037     		adds	r7, r7, #16
 222              	.LCFI20:
 223              		.cfi_def_cfa_offset 8
 224 0020 BD46     		mov	sp, r7
 225              	.LCFI21:
 226              		.cfi_def_cfa_register 13
 227              		@ sp needed
 228 0022 80BD     		pop	{r7, pc}
 229              	.L11:
 230              		.align	2
 231              	.L10:
 232 0024 00000000 		.word	_ZN3scr7new_cntE
 233              		.cfi_endproc
 234              	.LFE2299:
 236              		.section	.text._ZdlPv,"ax",%progbits
 237              		.align	1
 238              		.global	_ZdlPv
 239              		.syntax unified
 240              		.thumb
 241              		.thumb_func
 242              		.fpu fpv4-sp-d16
 244              	_ZdlPv:
 245              	.LFB2300:
  31:STM32CubeRobotics-Framework/Drivers/src/scr.cpp **** 
  32:STM32CubeRobotics-Framework/Drivers/src/scr.cpp **** void operator delete(void *ptr)
  33:STM32CubeRobotics-Framework/Drivers/src/scr.cpp **** {
 246              		.loc 3 33 0
 247              		.cfi_startproc
 248              		@ args = 0, pretend = 0, frame = 8
ARM GAS  /tmp/cc9ySkB2.s 			page 11


 249              		@ frame_needed = 1, uses_anonymous_args = 0
 250 0000 80B5     		push	{r7, lr}
 251              	.LCFI22:
 252              		.cfi_def_cfa_offset 8
 253              		.cfi_offset 7, -8
 254              		.cfi_offset 14, -4
 255 0002 82B0     		sub	sp, sp, #8
 256              	.LCFI23:
 257              		.cfi_def_cfa_offset 16
 258 0004 00AF     		add	r7, sp, #0
 259              	.LCFI24:
 260              		.cfi_def_cfa_register 7
 261 0006 7860     		str	r0, [r7, #4]
  34:STM32CubeRobotics-Framework/Drivers/src/scr.cpp ****     vPortFree(ptr);
 262              		.loc 3 34 0
 263 0008 7868     		ldr	r0, [r7, #4]
 264 000a FFF7FEFF 		bl	vPortFree
  35:STM32CubeRobotics-Framework/Drivers/src/scr.cpp ****     scr::new_cnt--;
 265              		.loc 3 35 0
 266 000e 044B     		ldr	r3, .L13
 267 0010 1B68     		ldr	r3, [r3]
 268 0012 013B     		subs	r3, r3, #1
 269 0014 024A     		ldr	r2, .L13
 270 0016 1360     		str	r3, [r2]
  36:STM32CubeRobotics-Framework/Drivers/src/scr.cpp **** }
 271              		.loc 3 36 0
 272 0018 00BF     		nop
 273 001a 0837     		adds	r7, r7, #8
 274              	.LCFI25:
 275              		.cfi_def_cfa_offset 8
 276 001c BD46     		mov	sp, r7
 277              	.LCFI26:
 278              		.cfi_def_cfa_register 13
 279              		@ sp needed
 280 001e 80BD     		pop	{r7, pc}
 281              	.L14:
 282              		.align	2
 283              	.L13:
 284 0020 00000000 		.word	_ZN3scr7new_cntE
 285              		.cfi_endproc
 286              	.LFE2300:
 288              		.section	.text._ZdaPv,"ax",%progbits
 289              		.align	1
 290              		.global	_ZdaPv
 291              		.syntax unified
 292              		.thumb
 293              		.thumb_func
 294              		.fpu fpv4-sp-d16
 296              	_ZdaPv:
 297              	.LFB2301:
  37:STM32CubeRobotics-Framework/Drivers/src/scr.cpp **** 
  38:STM32CubeRobotics-Framework/Drivers/src/scr.cpp **** void operator delete[](void *ptr)
  39:STM32CubeRobotics-Framework/Drivers/src/scr.cpp **** {
 298              		.loc 3 39 0
 299              		.cfi_startproc
 300              		@ args = 0, pretend = 0, frame = 8
 301              		@ frame_needed = 1, uses_anonymous_args = 0
ARM GAS  /tmp/cc9ySkB2.s 			page 12


 302 0000 80B5     		push	{r7, lr}
 303              	.LCFI27:
 304              		.cfi_def_cfa_offset 8
 305              		.cfi_offset 7, -8
 306              		.cfi_offset 14, -4
 307 0002 82B0     		sub	sp, sp, #8
 308              	.LCFI28:
 309              		.cfi_def_cfa_offset 16
 310 0004 00AF     		add	r7, sp, #0
 311              	.LCFI29:
 312              		.cfi_def_cfa_register 7
 313 0006 7860     		str	r0, [r7, #4]
  40:STM32CubeRobotics-Framework/Drivers/src/scr.cpp ****     vPortFree(ptr);
 314              		.loc 3 40 0
 315 0008 7868     		ldr	r0, [r7, #4]
 316 000a FFF7FEFF 		bl	vPortFree
  41:STM32CubeRobotics-Framework/Drivers/src/scr.cpp ****     scr::new_cnt--;
 317              		.loc 3 41 0
 318 000e 044B     		ldr	r3, .L16
 319 0010 1B68     		ldr	r3, [r3]
 320 0012 013B     		subs	r3, r3, #1
 321 0014 024A     		ldr	r2, .L16
 322 0016 1360     		str	r3, [r2]
  42:STM32CubeRobotics-Framework/Drivers/src/scr.cpp **** }
 323              		.loc 3 42 0
 324 0018 00BF     		nop
 325 001a 0837     		adds	r7, r7, #8
 326              	.LCFI30:
 327              		.cfi_def_cfa_offset 8
 328 001c BD46     		mov	sp, r7
 329              	.LCFI31:
 330              		.cfi_def_cfa_register 13
 331              		@ sp needed
 332 001e 80BD     		pop	{r7, pc}
 333              	.L17:
 334              		.align	2
 335              	.L16:
 336 0020 00000000 		.word	_ZN3scr7new_cntE
 337              		.cfi_endproc
 338              	.LFE2301:
 340              		.section	.text._Z41__static_initialization_and_destruction_0ii,"ax",%progbits
 341              		.align	1
 342              		.syntax unified
 343              		.thumb
 344              		.thumb_func
 345              		.fpu fpv4-sp-d16
 347              	_Z41__static_initialization_and_destruction_0ii:
 348              	.LFB2845:
 349              		.loc 3 42 0
 350              		.cfi_startproc
 351              		@ args = 0, pretend = 0, frame = 8
 352              		@ frame_needed = 1, uses_anonymous_args = 0
 353 0000 80B5     		push	{r7, lr}
 354              	.LCFI32:
 355              		.cfi_def_cfa_offset 8
 356              		.cfi_offset 7, -8
 357              		.cfi_offset 14, -4
ARM GAS  /tmp/cc9ySkB2.s 			page 13


 358 0002 82B0     		sub	sp, sp, #8
 359              	.LCFI33:
 360              		.cfi_def_cfa_offset 16
 361 0004 00AF     		add	r7, sp, #0
 362              	.LCFI34:
 363              		.cfi_def_cfa_register 7
 364 0006 7860     		str	r0, [r7, #4]
 365 0008 3960     		str	r1, [r7]
 366              		.loc 3 42 0
 367 000a 7B68     		ldr	r3, [r7, #4]
 368 000c 012B     		cmp	r3, #1
 369 000e 07D1     		bne	.L19
 370              		.loc 3 42 0 is_stmt 0 discriminator 1
 371 0010 3B68     		ldr	r3, [r7]
 372 0012 4FF6FF72 		movw	r2, #65535
 373 0016 9342     		cmp	r3, r2
 374 0018 02D1     		bne	.L19
 375              		.file 4 "/home/zht/stm32tools/arm-gcc/arm-none-eabi/include/c++/7.3.1/iostream"
   1:/home/zht/stm32tools/arm-gcc/arm-none-eabi/include/c++/7.3.1/iostream **** // Standard iostream objects -*- C++ -*-
   2:/home/zht/stm32tools/arm-gcc/arm-none-eabi/include/c++/7.3.1/iostream **** 
   3:/home/zht/stm32tools/arm-gcc/arm-none-eabi/include/c++/7.3.1/iostream **** // Copyright (C) 1997-2017 Free Software Foundation, Inc.
   4:/home/zht/stm32tools/arm-gcc/arm-none-eabi/include/c++/7.3.1/iostream **** //
   5:/home/zht/stm32tools/arm-gcc/arm-none-eabi/include/c++/7.3.1/iostream **** // This file is part of the GNU ISO C++ Library.  This library is free
   6:/home/zht/stm32tools/arm-gcc/arm-none-eabi/include/c++/7.3.1/iostream **** // software; you can redistribute it and/or modify it under the
   7:/home/zht/stm32tools/arm-gcc/arm-none-eabi/include/c++/7.3.1/iostream **** // terms of the GNU General Public License as published by the
   8:/home/zht/stm32tools/arm-gcc/arm-none-eabi/include/c++/7.3.1/iostream **** // Free Software Foundation; either version 3, or (at your option)
   9:/home/zht/stm32tools/arm-gcc/arm-none-eabi/include/c++/7.3.1/iostream **** // any later version.
  10:/home/zht/stm32tools/arm-gcc/arm-none-eabi/include/c++/7.3.1/iostream **** 
  11:/home/zht/stm32tools/arm-gcc/arm-none-eabi/include/c++/7.3.1/iostream **** // This library is distributed in the hope that it will be useful,
  12:/home/zht/stm32tools/arm-gcc/arm-none-eabi/include/c++/7.3.1/iostream **** // but WITHOUT ANY WARRANTY; without even the implied warranty of
  13:/home/zht/stm32tools/arm-gcc/arm-none-eabi/include/c++/7.3.1/iostream **** // MERCHANTABILITY or FITNESS FOR A PARTICULAR PURPOSE.  See the
  14:/home/zht/stm32tools/arm-gcc/arm-none-eabi/include/c++/7.3.1/iostream **** // GNU General Public License for more details.
  15:/home/zht/stm32tools/arm-gcc/arm-none-eabi/include/c++/7.3.1/iostream **** 
  16:/home/zht/stm32tools/arm-gcc/arm-none-eabi/include/c++/7.3.1/iostream **** // Under Section 7 of GPL version 3, you are granted additional
  17:/home/zht/stm32tools/arm-gcc/arm-none-eabi/include/c++/7.3.1/iostream **** // permissions described in the GCC Runtime Library Exception, version
  18:/home/zht/stm32tools/arm-gcc/arm-none-eabi/include/c++/7.3.1/iostream **** // 3.1, as published by the Free Software Foundation.
  19:/home/zht/stm32tools/arm-gcc/arm-none-eabi/include/c++/7.3.1/iostream **** 
  20:/home/zht/stm32tools/arm-gcc/arm-none-eabi/include/c++/7.3.1/iostream **** // You should have received a copy of the GNU General Public License and
  21:/home/zht/stm32tools/arm-gcc/arm-none-eabi/include/c++/7.3.1/iostream **** // a copy of the GCC Runtime Library Exception along with this program;
  22:/home/zht/stm32tools/arm-gcc/arm-none-eabi/include/c++/7.3.1/iostream **** // see the files COPYING3 and COPYING.RUNTIME respectively.  If not, see
  23:/home/zht/stm32tools/arm-gcc/arm-none-eabi/include/c++/7.3.1/iostream **** // <http://www.gnu.org/licenses/>.
  24:/home/zht/stm32tools/arm-gcc/arm-none-eabi/include/c++/7.3.1/iostream **** 
  25:/home/zht/stm32tools/arm-gcc/arm-none-eabi/include/c++/7.3.1/iostream **** /** @file include/iostream
  26:/home/zht/stm32tools/arm-gcc/arm-none-eabi/include/c++/7.3.1/iostream ****  *  This is a Standard C++ Library header.
  27:/home/zht/stm32tools/arm-gcc/arm-none-eabi/include/c++/7.3.1/iostream ****  */
  28:/home/zht/stm32tools/arm-gcc/arm-none-eabi/include/c++/7.3.1/iostream **** 
  29:/home/zht/stm32tools/arm-gcc/arm-none-eabi/include/c++/7.3.1/iostream **** //
  30:/home/zht/stm32tools/arm-gcc/arm-none-eabi/include/c++/7.3.1/iostream **** // ISO C++ 14882: 27.3  Standard iostream objects
  31:/home/zht/stm32tools/arm-gcc/arm-none-eabi/include/c++/7.3.1/iostream **** //
  32:/home/zht/stm32tools/arm-gcc/arm-none-eabi/include/c++/7.3.1/iostream **** 
  33:/home/zht/stm32tools/arm-gcc/arm-none-eabi/include/c++/7.3.1/iostream **** #ifndef _GLIBCXX_IOSTREAM
  34:/home/zht/stm32tools/arm-gcc/arm-none-eabi/include/c++/7.3.1/iostream **** #define _GLIBCXX_IOSTREAM 1
  35:/home/zht/stm32tools/arm-gcc/arm-none-eabi/include/c++/7.3.1/iostream **** 
  36:/home/zht/stm32tools/arm-gcc/arm-none-eabi/include/c++/7.3.1/iostream **** #pragma GCC system_header
  37:/home/zht/stm32tools/arm-gcc/arm-none-eabi/include/c++/7.3.1/iostream **** 
  38:/home/zht/stm32tools/arm-gcc/arm-none-eabi/include/c++/7.3.1/iostream **** #include <bits/c++config.h>
  39:/home/zht/stm32tools/arm-gcc/arm-none-eabi/include/c++/7.3.1/iostream **** #include <ostream>
ARM GAS  /tmp/cc9ySkB2.s 			page 14


  40:/home/zht/stm32tools/arm-gcc/arm-none-eabi/include/c++/7.3.1/iostream **** #include <istream>
  41:/home/zht/stm32tools/arm-gcc/arm-none-eabi/include/c++/7.3.1/iostream **** 
  42:/home/zht/stm32tools/arm-gcc/arm-none-eabi/include/c++/7.3.1/iostream **** namespace std _GLIBCXX_VISIBILITY(default)
  43:/home/zht/stm32tools/arm-gcc/arm-none-eabi/include/c++/7.3.1/iostream **** {
  44:/home/zht/stm32tools/arm-gcc/arm-none-eabi/include/c++/7.3.1/iostream **** _GLIBCXX_BEGIN_NAMESPACE_VERSION
  45:/home/zht/stm32tools/arm-gcc/arm-none-eabi/include/c++/7.3.1/iostream **** 
  46:/home/zht/stm32tools/arm-gcc/arm-none-eabi/include/c++/7.3.1/iostream ****   /**
  47:/home/zht/stm32tools/arm-gcc/arm-none-eabi/include/c++/7.3.1/iostream ****    *  @name Standard Stream Objects
  48:/home/zht/stm32tools/arm-gcc/arm-none-eabi/include/c++/7.3.1/iostream ****    *
  49:/home/zht/stm32tools/arm-gcc/arm-none-eabi/include/c++/7.3.1/iostream ****    *  The &lt;iostream&gt; header declares the eight <em>standard stream
  50:/home/zht/stm32tools/arm-gcc/arm-none-eabi/include/c++/7.3.1/iostream ****    *  objects</em>.  For other declarations, see
  51:/home/zht/stm32tools/arm-gcc/arm-none-eabi/include/c++/7.3.1/iostream ****    *  http://gcc.gnu.org/onlinedocs/libstdc++/manual/io.html
  52:/home/zht/stm32tools/arm-gcc/arm-none-eabi/include/c++/7.3.1/iostream ****    *  and the @link iosfwd I/O forward declarations @endlink
  53:/home/zht/stm32tools/arm-gcc/arm-none-eabi/include/c++/7.3.1/iostream ****    *
  54:/home/zht/stm32tools/arm-gcc/arm-none-eabi/include/c++/7.3.1/iostream ****    *  They are required by default to cooperate with the global C
  55:/home/zht/stm32tools/arm-gcc/arm-none-eabi/include/c++/7.3.1/iostream ****    *  library's @c FILE streams, and to be available during program
  56:/home/zht/stm32tools/arm-gcc/arm-none-eabi/include/c++/7.3.1/iostream ****    *  startup and termination. For more information, see the section of the
  57:/home/zht/stm32tools/arm-gcc/arm-none-eabi/include/c++/7.3.1/iostream ****    *  manual linked to above.
  58:/home/zht/stm32tools/arm-gcc/arm-none-eabi/include/c++/7.3.1/iostream ****   */
  59:/home/zht/stm32tools/arm-gcc/arm-none-eabi/include/c++/7.3.1/iostream ****   //@{
  60:/home/zht/stm32tools/arm-gcc/arm-none-eabi/include/c++/7.3.1/iostream ****   extern istream cin;		/// Linked to standard input
  61:/home/zht/stm32tools/arm-gcc/arm-none-eabi/include/c++/7.3.1/iostream ****   extern ostream cout;		/// Linked to standard output
  62:/home/zht/stm32tools/arm-gcc/arm-none-eabi/include/c++/7.3.1/iostream ****   extern ostream cerr;		/// Linked to standard error (unbuffered)
  63:/home/zht/stm32tools/arm-gcc/arm-none-eabi/include/c++/7.3.1/iostream ****   extern ostream clog;		/// Linked to standard error (buffered)
  64:/home/zht/stm32tools/arm-gcc/arm-none-eabi/include/c++/7.3.1/iostream **** 
  65:/home/zht/stm32tools/arm-gcc/arm-none-eabi/include/c++/7.3.1/iostream **** #ifdef _GLIBCXX_USE_WCHAR_T
  66:/home/zht/stm32tools/arm-gcc/arm-none-eabi/include/c++/7.3.1/iostream ****   extern wistream wcin;		/// Linked to standard input
  67:/home/zht/stm32tools/arm-gcc/arm-none-eabi/include/c++/7.3.1/iostream ****   extern wostream wcout;	/// Linked to standard output
  68:/home/zht/stm32tools/arm-gcc/arm-none-eabi/include/c++/7.3.1/iostream ****   extern wostream wcerr;	/// Linked to standard error (unbuffered)
  69:/home/zht/stm32tools/arm-gcc/arm-none-eabi/include/c++/7.3.1/iostream ****   extern wostream wclog;	/// Linked to standard error (buffered)
  70:/home/zht/stm32tools/arm-gcc/arm-none-eabi/include/c++/7.3.1/iostream **** #endif
  71:/home/zht/stm32tools/arm-gcc/arm-none-eabi/include/c++/7.3.1/iostream ****   //@}
  72:/home/zht/stm32tools/arm-gcc/arm-none-eabi/include/c++/7.3.1/iostream **** 
  73:/home/zht/stm32tools/arm-gcc/arm-none-eabi/include/c++/7.3.1/iostream ****   // For construction of filebuffers for cout, cin, cerr, clog et. al.
  74:/home/zht/stm32tools/arm-gcc/arm-none-eabi/include/c++/7.3.1/iostream ****   static ios_base::Init __ioinit;
 376              		.loc 4 74 0 is_stmt 1
 377 001a 0948     		ldr	r0, .L22
 378 001c FFF7FEFF 		bl	_ZNSt8ios_base4InitC1Ev
 379              	.L19:
 380 0020 7B68     		ldr	r3, [r7, #4]
 381 0022 002B     		cmp	r3, #0
 382 0024 07D1     		bne	.L21
 383              		.loc 4 74 0 is_stmt 0 discriminator 1
 384 0026 3B68     		ldr	r3, [r7]
 385 0028 4FF6FF72 		movw	r2, #65535
 386 002c 9342     		cmp	r3, r2
 387 002e 02D1     		bne	.L21
 388              		.loc 4 74 0 discriminator 2
 389 0030 0348     		ldr	r0, .L22
 390 0032 FFF7FEFF 		bl	_ZNSt8ios_base4InitD1Ev
 391              	.L21:
 392              		.loc 3 42 0 is_stmt 1
 393 0036 00BF     		nop
 394 0038 0837     		adds	r7, r7, #8
 395              	.LCFI35:
 396              		.cfi_def_cfa_offset 8
 397 003a BD46     		mov	sp, r7
ARM GAS  /tmp/cc9ySkB2.s 			page 15


 398              	.LCFI36:
 399              		.cfi_def_cfa_register 13
 400              		@ sp needed
 401 003c 80BD     		pop	{r7, pc}
 402              	.L23:
 403 003e 00BF     		.align	2
 404              	.L22:
 405 0040 00000000 		.word	_ZStL8__ioinit
 406              		.cfi_endproc
 407              	.LFE2845:
 409              		.section	.text._GLOBAL__sub_I__ZN3scr7new_cntE,"ax",%progbits
 410              		.align	1
 411              		.syntax unified
 412              		.thumb
 413              		.thumb_func
 414              		.fpu fpv4-sp-d16
 416              	_GLOBAL__sub_I__ZN3scr7new_cntE:
 417              	.LFB2846:
 418              		.loc 3 42 0
 419              		.cfi_startproc
 420              		@ args = 0, pretend = 0, frame = 0
 421              		@ frame_needed = 1, uses_anonymous_args = 0
 422 0000 80B5     		push	{r7, lr}
 423              	.LCFI37:
 424              		.cfi_def_cfa_offset 8
 425              		.cfi_offset 7, -8
 426              		.cfi_offset 14, -4
 427 0002 00AF     		add	r7, sp, #0
 428              	.LCFI38:
 429              		.cfi_def_cfa_register 7
 430              		.loc 3 42 0
 431 0004 4FF6FF71 		movw	r1, #65535
 432 0008 0120     		movs	r0, #1
 433 000a FFF7FEFF 		bl	_Z41__static_initialization_and_destruction_0ii
 434 000e 80BD     		pop	{r7, pc}
 435              		.cfi_endproc
 436              	.LFE2846:
 438              		.section	.init_array,"aw",%init_array
 439              		.align	2
 440 0000 00000000 		.word	_GLOBAL__sub_I__ZN3scr7new_cntE(target1)
 441              		.section	.text._GLOBAL__sub_D__ZN3scr7new_cntE,"ax",%progbits
 442              		.align	1
 443              		.syntax unified
 444              		.thumb
 445              		.thumb_func
 446              		.fpu fpv4-sp-d16
 448              	_GLOBAL__sub_D__ZN3scr7new_cntE:
 449              	.LFB2847:
 450              		.loc 3 42 0
 451              		.cfi_startproc
 452              		@ args = 0, pretend = 0, frame = 0
 453              		@ frame_needed = 1, uses_anonymous_args = 0
 454 0000 80B5     		push	{r7, lr}
 455              	.LCFI39:
 456              		.cfi_def_cfa_offset 8
 457              		.cfi_offset 7, -8
 458              		.cfi_offset 14, -4
ARM GAS  /tmp/cc9ySkB2.s 			page 16


 459 0002 00AF     		add	r7, sp, #0
 460              	.LCFI40:
 461              		.cfi_def_cfa_register 7
 462              		.loc 3 42 0
 463 0004 4FF6FF71 		movw	r1, #65535
 464 0008 0020     		movs	r0, #0
 465 000a FFF7FEFF 		bl	_Z41__static_initialization_and_destruction_0ii
 466 000e 80BD     		pop	{r7, pc}
 467              		.cfi_endproc
 468              	.LFE2847:
 470              		.section	.fini_array,"aw",%fini_array
 471              		.align	2
 472 0000 00000000 		.word	_GLOBAL__sub_D__ZN3scr7new_cntE(target1)
 473              		.text
 474              	.Letext0:
 475              		.file 5 "/home/zht/stm32tools/arm-gcc/arm-none-eabi/include/machine/_default_types.h"
 476              		.file 6 "/home/zht/stm32tools/arm-gcc/arm-none-eabi/include/sys/_stdint.h"
 477              		.file 7 "/home/zht/stm32tools/arm-gcc/arm-none-eabi/include/stdint.h"
 478              		.file 8 "Firmware/Drivers/CMSIS/Include/core_cm4.h"
 479              		.file 9 "Firmware/Drivers/CMSIS/Device/ST/STM32F4xx/Include/system_stm32f4xx.h"
 480              		.file 10 "/home/zht/stm32tools/arm-gcc/lib/gcc/arm-none-eabi/7.3.1/include/stddef.h"
 481              		.file 11 "Firmware/Drivers/STM32F4xx_HAL_Driver/Inc/stm32f4xx_hal.h"
 482              		.file 12 "/home/zht/stm32tools/arm-gcc/arm-none-eabi/include/c++/7.3.1/bits/basic_string.h"
 483              		.file 13 "/home/zht/stm32tools/arm-gcc/arm-none-eabi/include/c++/7.3.1/bits/stringfwd.h"
 484              		.file 14 "/home/zht/stm32tools/arm-gcc/arm-none-eabi/include/c++/7.3.1/cwchar"
 485              		.file 15 "/home/zht/stm32tools/arm-gcc/arm-none-eabi/include/c++/7.3.1/new"
 486              		.file 16 "/home/zht/stm32tools/arm-gcc/arm-none-eabi/include/c++/7.3.1/arm-none-eabi/thumb/v7e-m/f
 487              		.file 17 "/home/zht/stm32tools/arm-gcc/arm-none-eabi/include/c++/7.3.1/bits/exception_ptr.h"
 488              		.file 18 "/home/zht/stm32tools/arm-gcc/arm-none-eabi/include/c++/7.3.1/type_traits"
 489              		.file 19 "/home/zht/stm32tools/arm-gcc/arm-none-eabi/include/c++/7.3.1/bits/cpp_type_traits.h"
 490              		.file 20 "/home/zht/stm32tools/arm-gcc/arm-none-eabi/include/c++/7.3.1/bits/stl_pair.h"
 491              		.file 21 "/home/zht/stm32tools/arm-gcc/arm-none-eabi/include/c++/7.3.1/debug/debug.h"
 492              		.file 22 "/home/zht/stm32tools/arm-gcc/arm-none-eabi/include/c++/7.3.1/bits/char_traits.h"
 493              		.file 23 "/home/zht/stm32tools/arm-gcc/arm-none-eabi/include/c++/7.3.1/cstdint"
 494              		.file 24 "/home/zht/stm32tools/arm-gcc/arm-none-eabi/include/c++/7.3.1/clocale"
 495              		.file 25 "/home/zht/stm32tools/arm-gcc/arm-none-eabi/include/c++/7.3.1/bits/allocator.h"
 496              		.file 26 "/home/zht/stm32tools/arm-gcc/arm-none-eabi/include/c++/7.3.1/cstdlib"
 497              		.file 27 "/home/zht/stm32tools/arm-gcc/arm-none-eabi/include/c++/7.3.1/cstdio"
 498              		.file 28 "/home/zht/stm32tools/arm-gcc/arm-none-eabi/include/c++/7.3.1/bits/alloc_traits.h"
 499              		.file 29 "/home/zht/stm32tools/arm-gcc/arm-none-eabi/include/c++/7.3.1/initializer_list"
 500              		.file 30 "/home/zht/stm32tools/arm-gcc/arm-none-eabi/include/c++/7.3.1/system_error"
 501              		.file 31 "/home/zht/stm32tools/arm-gcc/arm-none-eabi/include/c++/7.3.1/bits/ios_base.h"
 502              		.file 32 "/home/zht/stm32tools/arm-gcc/arm-none-eabi/include/c++/7.3.1/cwctype"
 503              		.file 33 "/home/zht/stm32tools/arm-gcc/arm-none-eabi/include/c++/7.3.1/iosfwd"
 504              		.file 34 "/home/zht/stm32tools/arm-gcc/arm-none-eabi/include/c++/7.3.1/cstring"
 505              		.file 35 "/home/zht/stm32tools/arm-gcc/arm-none-eabi/include/c++/7.3.1/bits/stl_iterator_base_type
 506              		.file 36 "/home/zht/stm32tools/arm-gcc/arm-none-eabi/include/c++/7.3.1/bits/predefined_ops.h"
 507              		.file 37 "/home/zht/stm32tools/arm-gcc/arm-none-eabi/include/c++/7.3.1/ext/new_allocator.h"
 508              		.file 38 "/home/zht/stm32tools/arm-gcc/arm-none-eabi/include/c++/7.3.1/ext/numeric_traits.h"
 509              		.file 39 "/home/zht/stm32tools/arm-gcc/arm-none-eabi/include/c++/7.3.1/ext/alloc_traits.h"
 510              		.file 40 "/home/zht/stm32tools/arm-gcc/arm-none-eabi/include/c++/7.3.1/bits/stl_iterator.h"
 511              		.file 41 "/home/zht/stm32tools/arm-gcc/arm-none-eabi/include/sys/lock.h"
 512              		.file 42 "/home/zht/stm32tools/arm-gcc/arm-none-eabi/include/sys/_types.h"
 513              		.file 43 "/home/zht/stm32tools/arm-gcc/arm-none-eabi/include/sys/reent.h"
 514              		.file 44 "/home/zht/stm32tools/arm-gcc/lib/gcc/arm-none-eabi/7.3.1/include/stdarg.h"
 515              		.file 45 "<built-in>"
 516              		.file 46 "/home/zht/stm32tools/arm-gcc/arm-none-eabi/include/wchar.h"
ARM GAS  /tmp/cc9ySkB2.s 			page 17


 517              		.file 47 "/home/zht/stm32tools/arm-gcc/arm-none-eabi/include/locale.h"
 518              		.file 48 "/home/zht/stm32tools/arm-gcc/arm-none-eabi/include/ctype.h"
 519              		.file 49 "/home/zht/stm32tools/arm-gcc/arm-none-eabi/include/c++/7.3.1/arm-none-eabi/thumb/v7e-m/f
 520              		.file 50 "/home/zht/stm32tools/arm-gcc/arm-none-eabi/include/stdlib.h"
 521              		.file 51 "/home/zht/stm32tools/arm-gcc/arm-none-eabi/include/stdio.h"
 522              		.file 52 "/home/zht/stm32tools/arm-gcc/arm-none-eabi/include/sys/errno.h"
 523              		.file 53 "/home/zht/stm32tools/arm-gcc/arm-none-eabi/include/wctype.h"
 524              		.file 54 "/home/zht/stm32tools/arm-gcc/arm-none-eabi/include/string.h"
 525              		.file 55 "STM32CubeRobotics-Framework/Drivers/inc/scr.h"
ARM GAS  /tmp/cc9ySkB2.s 			page 18


DEFINED SYMBOLS
                            *ABS*:0000000000000000 scr.cpp
     /tmp/cc9ySkB2.s:18     .rodata._ZStL19piecewise_construct:0000000000000000 $d
     /tmp/cc9ySkB2.s:21     .rodata._ZStL19piecewise_construct:0000000000000000 _ZStL19piecewise_construct
     /tmp/cc9ySkB2.s:24     .text._ZL20__gthread_key_deletei:0000000000000000 $t
     /tmp/cc9ySkB2.s:30     .text._ZL20__gthread_key_deletei:0000000000000000 _ZL20__gthread_key_deletei
     /tmp/cc9ySkB2.s:69     .bss._ZStL8__ioinit:0000000000000000 $d
     /tmp/cc9ySkB2.s:72     .bss._ZStL8__ioinit:0000000000000000 _ZStL8__ioinit
     /tmp/cc9ySkB2.s:75     .text._Z14throwExceptionNSt7__cxx1112basic_stringIcSt11char_traitsIcESaIcEEE:0000000000000000 $t
     /tmp/cc9ySkB2.s:82     .text._Z14throwExceptionNSt7__cxx1112basic_stringIcSt11char_traitsIcESaIcEEE:0000000000000000 _Z14throwExceptionNSt7__cxx1112basic_stringIcSt11char_traitsIcESaIcEEE
     /tmp/cc9ySkB2.s:123    .bss._ZN3scr7new_cntE:0000000000000000 _ZN3scr7new_cntE
     /tmp/cc9ySkB2.s:120    .bss._ZN3scr7new_cntE:0000000000000000 $d
     /tmp/cc9ySkB2.s:126    .text._Znwj:0000000000000000 $t
     /tmp/cc9ySkB2.s:133    .text._Znwj:0000000000000000 _Znwj
     /tmp/cc9ySkB2.s:177    .text._Znwj:0000000000000024 $d
     /tmp/cc9ySkB2.s:182    .text._Znaj:0000000000000000 $t
     /tmp/cc9ySkB2.s:189    .text._Znaj:0000000000000000 _Znaj
     /tmp/cc9ySkB2.s:232    .text._Znaj:0000000000000024 $d
     /tmp/cc9ySkB2.s:237    .text._ZdlPv:0000000000000000 $t
     /tmp/cc9ySkB2.s:244    .text._ZdlPv:0000000000000000 _ZdlPv
     /tmp/cc9ySkB2.s:284    .text._ZdlPv:0000000000000020 $d
     /tmp/cc9ySkB2.s:289    .text._ZdaPv:0000000000000000 $t
     /tmp/cc9ySkB2.s:296    .text._ZdaPv:0000000000000000 _ZdaPv
     /tmp/cc9ySkB2.s:336    .text._ZdaPv:0000000000000020 $d
     /tmp/cc9ySkB2.s:341    .text._Z41__static_initialization_and_destruction_0ii:0000000000000000 $t
     /tmp/cc9ySkB2.s:347    .text._Z41__static_initialization_and_destruction_0ii:0000000000000000 _Z41__static_initialization_and_destruction_0ii
     /tmp/cc9ySkB2.s:405    .text._Z41__static_initialization_and_destruction_0ii:0000000000000040 $d
     /tmp/cc9ySkB2.s:410    .text._GLOBAL__sub_I__ZN3scr7new_cntE:0000000000000000 $t
     /tmp/cc9ySkB2.s:416    .text._GLOBAL__sub_I__ZN3scr7new_cntE:0000000000000000 _GLOBAL__sub_I__ZN3scr7new_cntE
     /tmp/cc9ySkB2.s:439    .init_array:0000000000000000 $d
     /tmp/cc9ySkB2.s:442    .text._GLOBAL__sub_D__ZN3scr7new_cntE:0000000000000000 $t
     /tmp/cc9ySkB2.s:448    .text._GLOBAL__sub_D__ZN3scr7new_cntE:0000000000000000 _GLOBAL__sub_D__ZN3scr7new_cntE
     /tmp/cc9ySkB2.s:471    .fini_array:0000000000000000 $d
                           .group:0000000000000000 wm4.0.e3a1ffdec38dcb8857b17bb28b454a50
                           .group:0000000000000000 wm4.scr_dependancy.h.2.d551d3ba904e29d24573bab30b1059d9
                           .group:0000000000000000 wm4.stm32f4xx_hal_conf.h.24.03c00010d617045ebb35c82914a9515b
                           .group:0000000000000000 wm4.stm32f4xx.h.55.60c09cb5ab474e463c44285ed7739f1f
                           .group:0000000000000000 wm4.stm32f446xx.h.51.16a9122ede9860ebbb552c9e423d1ecd
                           .group:0000000000000000 wm4.stdint.h.4.659be5aa44c4ab4eb7c7cc2b24d8ceee
                           .group:0000000000000000 wm4._newlib_version.h.4.875b979a44719054cd750d0952ad3fd6
                           .group:0000000000000000 wm4.features.h.33.318b64d71e0957639cfb30f1db1f7ec8
                           .group:0000000000000000 wm4._default_types.h.15.247e5cd201eca3442cbf5404108c4935
                           .group:0000000000000000 wm4._intsup.h.10.cce27fed8484c08a33f522034c30d2b5
                           .group:0000000000000000 wm4._stdint.h.10.c24fa3af3bc1706662bb5593a907e841
                           .group:0000000000000000 wm4.stdint.h.23.d53047a68f4a85177f80b422d52785ed
                           .group:0000000000000000 wm4.cmsis_version.h.32.4d5822004c01a829a975260e854b5f8e
                           .group:0000000000000000 wm4.core_cm4.h.66.e4ff136c4a17abc46741866f64f8e729
                           .group:0000000000000000 wm4.cmsis_gcc.h.26.f42444deefab66ffa141b9b9fddb57a3
                           .group:0000000000000000 wm4.core_cm4.h.174.cad1cd5c3704104afe8ee4934b0393c3
                           .group:0000000000000000 wm4.mpu_armv7.h.32.27b4593cb2f8d3152ca5d97a9d72b321
                           .group:0000000000000000 wm4.stm32f446xx.h.934.08868cf5988b286c95ce57658833140b
                           .group:0000000000000000 wm4.stm32f4xx.h.212.729f0f890654645a3f47ccc0cc2b00e7
                           .group:0000000000000000 wm4.stm32_hal_legacy.h.23.24c1109a8eb6b9f423a3627922c83f30
                           .group:0000000000000000 wm4.stddef.h.39.096871ec3ca5abfedfa76e8d05f4a8d6
                           .group:0000000000000000 wm4.stm32f4xx_hal_def.h.58.2d2c85d5b9693a63e90566b806e8a752
                           .group:0000000000000000 wm4.stm32f4xx_hal_rcc_ex.h.22.ed8712e28628f6d35bd6f8847ee2f18f
                           .group:0000000000000000 wm4.stm32f4xx_hal_rcc.h.108.0c18a3cfc2dd91bdf92470b4bd0ea1b5
ARM GAS  /tmp/cc9ySkB2.s 			page 19


                           .group:0000000000000000 wm4.stm32f4xx_hal_exti.h.22.e3c6ea1ecbc30ac4867071b634937175
                           .group:0000000000000000 wm4.stm32f4xx_hal_gpio.h.22.be2c6bcf9722096ea8f49a41bf6aa50c
                           .group:0000000000000000 wm4.stm32f4xx_hal_gpio_ex.h.22.6858f59ca8a52c645189c74569e4d5b8
                           .group:0000000000000000 wm4.stm32f4xx_hal_gpio.h.264.978ac12eab1d3b3400b35b8c427e2c33
                           .group:0000000000000000 wm4.stm32f4xx_hal_dma.h.22.fffce20ac9119c50557659c75e75ab1c
                           .group:0000000000000000 wm4.stm32f4xx_hal_dma.h.721.a1e57ffbc615f926e6509c5acc65e492
                           .group:0000000000000000 wm4.stm32f4xx_hal_cortex.h.22.e6aa3b847b5388be63c32d1f9e696ef7
                           .group:0000000000000000 wm4.stm32f4xx_hal_flash.h.22.31b301be2655c3eb8583e51c8231544a
                           .group:0000000000000000 wm4.stm32f4xx_hal_flash_ex.h.22.df74a74dd40656a7fcd7d90cedd190b4
                           .group:0000000000000000 wm4.stm32f4xx_hal_flash.h.363.51efdf0f6c88f683efb89d7cc95cc1be
                           .group:0000000000000000 wm4.stm32f4xx_hal_pwr.h.22.2c27d93ae187efe3a73816f03a329970
                           .group:0000000000000000 wm4.stm32f4xx_hal_pwr_ex.h.22.cf49f655fb514fa1eda6a251fa1b2f1a
                           .group:0000000000000000 wm4.stm32f4xx_hal_pwr.h.337.60b43975c84527a23cb6994b23165a5e
                           .group:0000000000000000 wm4.stm32f4xx_hal_tim.h.22.9c16860ec2cc7f3d941608a8f521bc4a
                           .group:0000000000000000 wm4.stm32f4xx_hal_tim_ex.h.22.ab99a7fa30daa00d91e82a48801a7f30
                           .group:0000000000000000 wm4.stm32f4xx_hal_uart.h.22.1edfd0da9670bd23245390d2a3da576d
                           .group:0000000000000000 wm4.stm32f4xx_ll_usb.h.22.9dd425f23cc4ee09cc013b784f1d3b1a
                           .group:0000000000000000 wm4.stm32f4xx_hal_pcd.h.155.99d086aed65c9e0b877f5c367a6472c1
                           .group:0000000000000000 wm4.stm32f4xx_hal.h.72.a5a58188aa461a0614f1e58e159c7840
                           .group:0000000000000000 wm4.cmsis_os.h.159.9672eb69a9e7ca99e87e5e17f7bea12f
                           .group:0000000000000000 wm4.cmsis_os2.h.189.a20fe461c7b40c3198eed7d6d740c844
                           .group:0000000000000000 wm4.FreeRTOSConfig.h.31.a9a1cd9cd188e45c3cdf6a65e0bc1430
                           .group:0000000000000000 wm4.projdefs.h.29.3472c8470d131a5f474bc7437ea94609
                           .group:0000000000000000 wm4.portmacro.h.30.110a3580e768a63cdd084aa29b33cb01
                           .group:0000000000000000 wm4.portable.h.64.00b423ba030e23bed354b037664af7a6
                           .group:0000000000000000 wm4.mpu_wrappers.h.29.89d425470b0b1ff39fbd61026b3dc073
                           .group:0000000000000000 wm4.FreeRTOS.h.66.a6a3890d948540b7d907430686cf5981
                           .group:0000000000000000 wm4.cmsis_os.h.209.b2ec46f07e9725caf047062a774d1e3b
                           .group:0000000000000000 wm4.cconfig.h.31.ed6015e41db3d911beed1a48ee9ef8f9
                           .group:0000000000000000 wm4.cpu_defines.h.31.bf53b50a3b7882b34c717ebded187478
                           .group:0000000000000000 wm4.cconfig.h.541.3e7122a26aab9f5a5399e0379cd75f44
                           .group:0000000000000000 wm4.newlib.h.8.f6e543eac3f2f65163ba2ffe3b04987b
                           .group:0000000000000000 wm4.ieeefp.h.77.220d9cccac42cd58761758bee2df4ce6
                           .group:0000000000000000 wm4.config.h.220.6cac6a9685cfce5e83c17784171638d9
                           .group:0000000000000000 wm4._ansi.h.21.5136fa2a01d1fcd44a2e65c6c2417611
                           .group:0000000000000000 wm4.lock.h.2.1461d1fff82dffe8bfddc23307f6484f
                           .group:0000000000000000 wm4._types.h.125.5cf8a495f1f7ef36777ad868a1e32068
                           .group:0000000000000000 wm4.stddef.h.161.7e98c9c86da0ed2d27af2ef92af7d013
                           .group:0000000000000000 wm4._types.h.184.03611d4f6b5bec9997bcf4279eceba07
                           .group:0000000000000000 wm4.reent.h.17.90c2574d4acdcfce933db5cb09ff35fe
                           .group:0000000000000000 wm4.wchar.h.8.acdef4366e64def8c588421024712d23
                           .group:0000000000000000 wm4.stddef.h.161.9f48187563b2a85291a91832aa425498
                           .group:0000000000000000 wm4.cdefs.h.47.9d9900f02c13bd96cc03ef419bf222b6
                           .group:0000000000000000 wm4.stdarg.h.34.3a23a216c0c293b3d2ea2e89281481e6
                           .group:0000000000000000 wm4.wchar.h.29.d3f42b20d847eb1aee8a8518919e39fd
                           .group:0000000000000000 wm4.wchar.h.76.ce8e8b61905c9156051a837f974c1731
                           .group:0000000000000000 wm4.cwchar.48.c4e882638bf84f6da89479dda6fe8e17
                           .group:0000000000000000 wm4.exception_defines.h.31.b944334bb23842f2d39bb0d8b467613a
                           .group:0000000000000000 wm4.cxxabi_init_exception.h.42.029852b0f286014c9c193b74ad22df55
                           .group:0000000000000000 wm4.concept_check.h.31.f19605d278e56917c68a56d378be308c
                           .group:0000000000000000 wm4.type_traits.30.8228b2149e905abd15f3678d01fd7e6c
                           .group:0000000000000000 wm4.move.h.159.368bac456bc1dfb8448d51bb65764956
                           .group:0000000000000000 wm4.cpp_type_traits.h.33.9f2bfd8c4471a9a299f6da3ec24c745c
                           .group:0000000000000000 wm4.numeric_traits.h.30.aa01a98564b7e55086aad9e53c7e5c53
                           .group:0000000000000000 wm4.assertions.h.30.f3970bbdad8b12088edf616ddeecdc90
                           .group:0000000000000000 wm4.stl_iterator.h.409.7a84ee40267bb1222b7cd9a74055edfb
                           .group:0000000000000000 wm4.debug.h.30.70fe957e8e7c7ceba3caf19b0959f126
ARM GAS  /tmp/cc9ySkB2.s 			page 20


                           .group:0000000000000000 wm4.stl_algobase.h.491.ec4060988bfff82dc579decdb75c72d6
                           .group:0000000000000000 wm4.stddef.h.161.38688f2eb958a8ed58fdb61ffe554c94
                           .group:0000000000000000 wm4.locale.h.16.90d16f662e7119f5b192650a45179c6c
                           .group:0000000000000000 wm4.clocale.45.c36d2d5b631a875aa5273176b54fdf0f
                           .group:0000000000000000 wm4.ctype.h.2.cf64fe4c5e8c0ac0f52f1143312d4909
                           .group:0000000000000000 wm4.cctype.45.0da5714876b0be7f2d816b53d9670403
                           .group:0000000000000000 wm4.gthr.h.27.ceb1c66b926f052afcba57e8784df0d4
                           .group:0000000000000000 wm4.gthrdefault.h.27.edc94d4398c0534988962be77dc3c2e1
                           .group:0000000000000000 wm4.atomic_word.h.30.9e0ac69fd462d5e650933e05133b4afa
                           .group:0000000000000000 wm4.allocator.h.52.0ceafb36dc1b82dbfa6b05003082e3f5
                           .group:0000000000000000 wm4.stl_function.h.57.6639ab8e57d2230b4b27118173a32750
                           .group:0000000000000000 wm4.alloc_traits.h.31.c41c7c4789404962122a4e991dfa3abf
                           .group:0000000000000000 wm4.cstdlib.44.52c5efdfb0f3c176bd11e611a0b94959
                           .group:0000000000000000 wm4.stdlib.h.13.4ed386f5c1a80d71e72172885d946ef2
                           .group:0000000000000000 wm4.alloca.h.8.dfc0c703c47ec3e69746825b17d9e66d
                           .group:0000000000000000 wm4.stdlib.h.56.d4493cd3736e51e9d56335045f26df45
                           .group:0000000000000000 wm4.std_abs.h.31.4587ba001d85390d152353c24c92c0c8
                           .group:0000000000000000 wm4.cstdlib.80.dfb9cec30d2b42786164eeef91174f9f
                           .group:0000000000000000 wm4.stdio.h.27.3fc80220048df77954e38daec3bb9670
                           .group:0000000000000000 wm4.types.h.40.e8c16e7ec36ba55f133d0616070e25fc
                           .group:0000000000000000 wm4._endian.h.31.65a10590763c3dde1ac4a7f66d7d4891
                           .group:0000000000000000 wm4.endian.h.9.49f3a4695c1b61e8a0808de3c4a106cb
                           .group:0000000000000000 wm4._timeval.h.30.0e8bfd94e85db17dda3286ee81496fe6
                           .group:0000000000000000 wm4.timespec.h.41.d855182eb0e690443ab8651bcedca6e1
                           .group:0000000000000000 wm4.select.h.19.97ca6fd0c752a0f3b6719fd314d361e6
                           .group:0000000000000000 wm4.types.h.69.ed3eae3cf73030a737515151ebcab7a1
                           .group:0000000000000000 wm4.sched.h.22.c60982713a5c428609783c78f9c78d95
                           .group:0000000000000000 wm4._pthreadtypes.h.36.fcee9961c35163dde6267ef772ad1972
                           .group:0000000000000000 wm4.stdio.h.2.4aa87247282eca6c8f36f9de33d8df1a
                           .group:0000000000000000 wm4.stdio.h.81.4494b0884bb80e2bd270999c8eda1e12
                           .group:0000000000000000 wm4.cstdio.45.1ffaea3e7c26dce1e03f5847a7439edb
                           .group:0000000000000000 wm4.errno.h.2.ba016d646105af6cad23be83630b6a3f
                           .group:0000000000000000 wm4.errno.h.9.1ecd7b1049497a0ab61da0f6cbd4b0c6
                           .group:0000000000000000 wm4.functional_hash.h.31.d995554db01f631b375a95ecfc605ca0
                           .group:0000000000000000 wm4.wctype.h.2.898a9b94aa35d125e245195b099726a8
                           .group:0000000000000000 wm4.wctype.h.21.aec4d35c940c33b3f9c6f879c49edcd8
                           .group:0000000000000000 wm4.cwctype.54.6582aca101688c1c3785d03bc15e2af6
                           .group:0000000000000000 wm4.locale_facets.h.56.0d4bb655ce5e76ea564363ed7c5a34fc
                           .group:0000000000000000 wm4.atomic_lockfree_defines.h.31.d5c6334fb1e95c9462b052951f1411df
                           .group:0000000000000000 wm4.atomic_base.h.123.699951f979d4fb4658211e9160ec88bf
                           .group:0000000000000000 wm4.string.h.8.c4b8571ce60dff2817f43fec8b86aecd
                           .group:0000000000000000 wm4.cstring.45.6ab09de7fb97b576e744347688ddc8d7
                           .group:0000000000000000 wm4.scr_usart.h.2.5d84c94ce43589e0b74e5184d93cb9d2
                           .group:0000000000000000 wm4.main.h.24.76438c5545527b1104ad338365fa01c6

UNDEFINED SYMBOLS
pvPortMalloc
vPortFree
_ZNSt8ios_base4InitC1Ev
_ZNSt8ios_base4InitD1Ev
