ARM GAS  /tmp/cctKrVHL.s 			page 1


   1              		.cpu cortex-m4
   2              		.eabi_attribute 27, 1
   3              		.eabi_attribute 28, 1
   4              		.eabi_attribute 20, 1
   5              		.eabi_attribute 21, 1
   6              		.eabi_attribute 23, 3
   7              		.eabi_attribute 24, 1
   8              		.eabi_attribute 25, 1
   9              		.eabi_attribute 26, 1
  10              		.eabi_attribute 30, 6
  11              		.eabi_attribute 34, 1
  12              		.eabi_attribute 18, 4
  13              		.file	"stm32f4xx_hal_flash_ramfunc.c"
  14              		.text
  15              	.Ltext0:
  16              		.cfi_sections	.debug_frame
  17              		.section	.RamFunc,"ax",%progbits
  18              		.align	1
  19              		.global	HAL_FLASHEx_StopFlashInterfaceClk
  20              		.syntax unified
  21              		.thumb
  22              		.thumb_func
  23              		.fpu fpv4-sp-d16
  25              	HAL_FLASHEx_StopFlashInterfaceClk:
  26              	.LFB130:
  27              		.file 1 "Firmware/Drivers/STM32F4xx_HAL_Driver/Src/stm32f4xx_hal_flash_ramfunc.c"
   1:Firmware/Drivers/STM32F4xx_HAL_Driver/Src/stm32f4xx_hal_flash_ramfunc.c **** /**
   2:Firmware/Drivers/STM32F4xx_HAL_Driver/Src/stm32f4xx_hal_flash_ramfunc.c ****   ******************************************************************************
   3:Firmware/Drivers/STM32F4xx_HAL_Driver/Src/stm32f4xx_hal_flash_ramfunc.c ****   * @file    stm32f4xx_hal_flash_ramfunc.c
   4:Firmware/Drivers/STM32F4xx_HAL_Driver/Src/stm32f4xx_hal_flash_ramfunc.c ****   * @author  MCD Application Team
   5:Firmware/Drivers/STM32F4xx_HAL_Driver/Src/stm32f4xx_hal_flash_ramfunc.c ****   * @brief   FLASH RAMFUNC module driver.
   6:Firmware/Drivers/STM32F4xx_HAL_Driver/Src/stm32f4xx_hal_flash_ramfunc.c ****   *          This file provides a FLASH firmware functions which should be 
   7:Firmware/Drivers/STM32F4xx_HAL_Driver/Src/stm32f4xx_hal_flash_ramfunc.c ****   *          executed from internal SRAM
   8:Firmware/Drivers/STM32F4xx_HAL_Driver/Src/stm32f4xx_hal_flash_ramfunc.c ****   *            + Stop/Start the flash interface while System Run
   9:Firmware/Drivers/STM32F4xx_HAL_Driver/Src/stm32f4xx_hal_flash_ramfunc.c ****   *            + Enable/Disable the flash sleep while System Run
  10:Firmware/Drivers/STM32F4xx_HAL_Driver/Src/stm32f4xx_hal_flash_ramfunc.c ****   @verbatim
  11:Firmware/Drivers/STM32F4xx_HAL_Driver/Src/stm32f4xx_hal_flash_ramfunc.c ****   ==============================================================================
  12:Firmware/Drivers/STM32F4xx_HAL_Driver/Src/stm32f4xx_hal_flash_ramfunc.c ****                     ##### APIs executed from Internal RAM #####
  13:Firmware/Drivers/STM32F4xx_HAL_Driver/Src/stm32f4xx_hal_flash_ramfunc.c ****   ==============================================================================
  14:Firmware/Drivers/STM32F4xx_HAL_Driver/Src/stm32f4xx_hal_flash_ramfunc.c ****   [..]
  15:Firmware/Drivers/STM32F4xx_HAL_Driver/Src/stm32f4xx_hal_flash_ramfunc.c ****     *** ARM Compiler ***
  16:Firmware/Drivers/STM32F4xx_HAL_Driver/Src/stm32f4xx_hal_flash_ramfunc.c ****     --------------------
  17:Firmware/Drivers/STM32F4xx_HAL_Driver/Src/stm32f4xx_hal_flash_ramfunc.c ****     [..] RAM functions are defined using the toolchain options. 
  18:Firmware/Drivers/STM32F4xx_HAL_Driver/Src/stm32f4xx_hal_flash_ramfunc.c ****          Functions that are be executed in RAM should reside in a separate
  19:Firmware/Drivers/STM32F4xx_HAL_Driver/Src/stm32f4xx_hal_flash_ramfunc.c ****          source module. Using the 'Options for File' dialog you can simply change
  20:Firmware/Drivers/STM32F4xx_HAL_Driver/Src/stm32f4xx_hal_flash_ramfunc.c ****          the 'Code / Const' area of a module to a memory space in physical RAM.
  21:Firmware/Drivers/STM32F4xx_HAL_Driver/Src/stm32f4xx_hal_flash_ramfunc.c ****          Available memory areas are declared in the 'Target' tab of the 
  22:Firmware/Drivers/STM32F4xx_HAL_Driver/Src/stm32f4xx_hal_flash_ramfunc.c ****          Options for Target' dialog.
  23:Firmware/Drivers/STM32F4xx_HAL_Driver/Src/stm32f4xx_hal_flash_ramfunc.c **** 
  24:Firmware/Drivers/STM32F4xx_HAL_Driver/Src/stm32f4xx_hal_flash_ramfunc.c ****     *** ICCARM Compiler ***
  25:Firmware/Drivers/STM32F4xx_HAL_Driver/Src/stm32f4xx_hal_flash_ramfunc.c ****     -----------------------
  26:Firmware/Drivers/STM32F4xx_HAL_Driver/Src/stm32f4xx_hal_flash_ramfunc.c ****     [..] RAM functions are defined using a specific toolchain keyword "__ramfunc".
  27:Firmware/Drivers/STM32F4xx_HAL_Driver/Src/stm32f4xx_hal_flash_ramfunc.c **** 
  28:Firmware/Drivers/STM32F4xx_HAL_Driver/Src/stm32f4xx_hal_flash_ramfunc.c ****     *** GNU Compiler ***
  29:Firmware/Drivers/STM32F4xx_HAL_Driver/Src/stm32f4xx_hal_flash_ramfunc.c ****     --------------------
  30:Firmware/Drivers/STM32F4xx_HAL_Driver/Src/stm32f4xx_hal_flash_ramfunc.c ****     [..] RAM functions are defined using a specific toolchain attribute
  31:Firmware/Drivers/STM32F4xx_HAL_Driver/Src/stm32f4xx_hal_flash_ramfunc.c ****          "__attribute__((section(".RamFunc")))".
ARM GAS  /tmp/cctKrVHL.s 			page 2


  32:Firmware/Drivers/STM32F4xx_HAL_Driver/Src/stm32f4xx_hal_flash_ramfunc.c ****   
  33:Firmware/Drivers/STM32F4xx_HAL_Driver/Src/stm32f4xx_hal_flash_ramfunc.c ****   @endverbatim         
  34:Firmware/Drivers/STM32F4xx_HAL_Driver/Src/stm32f4xx_hal_flash_ramfunc.c ****   ******************************************************************************
  35:Firmware/Drivers/STM32F4xx_HAL_Driver/Src/stm32f4xx_hal_flash_ramfunc.c ****   * @attention
  36:Firmware/Drivers/STM32F4xx_HAL_Driver/Src/stm32f4xx_hal_flash_ramfunc.c ****   *
  37:Firmware/Drivers/STM32F4xx_HAL_Driver/Src/stm32f4xx_hal_flash_ramfunc.c ****   * <h2><center>&copy; Copyright (c) 2017 STMicroelectronics.
  38:Firmware/Drivers/STM32F4xx_HAL_Driver/Src/stm32f4xx_hal_flash_ramfunc.c ****   * All rights reserved.</center></h2>
  39:Firmware/Drivers/STM32F4xx_HAL_Driver/Src/stm32f4xx_hal_flash_ramfunc.c ****   *
  40:Firmware/Drivers/STM32F4xx_HAL_Driver/Src/stm32f4xx_hal_flash_ramfunc.c ****   * This software component is licensed by ST under BSD 3-Clause license,
  41:Firmware/Drivers/STM32F4xx_HAL_Driver/Src/stm32f4xx_hal_flash_ramfunc.c ****   * the "License"; You may not use this file except in compliance with the
  42:Firmware/Drivers/STM32F4xx_HAL_Driver/Src/stm32f4xx_hal_flash_ramfunc.c ****   * License. You may obtain a copy of the License at:
  43:Firmware/Drivers/STM32F4xx_HAL_Driver/Src/stm32f4xx_hal_flash_ramfunc.c ****   *                        opensource.org/licenses/BSD-3-Clause
  44:Firmware/Drivers/STM32F4xx_HAL_Driver/Src/stm32f4xx_hal_flash_ramfunc.c ****   *
  45:Firmware/Drivers/STM32F4xx_HAL_Driver/Src/stm32f4xx_hal_flash_ramfunc.c ****   ******************************************************************************
  46:Firmware/Drivers/STM32F4xx_HAL_Driver/Src/stm32f4xx_hal_flash_ramfunc.c ****   */ 
  47:Firmware/Drivers/STM32F4xx_HAL_Driver/Src/stm32f4xx_hal_flash_ramfunc.c **** 
  48:Firmware/Drivers/STM32F4xx_HAL_Driver/Src/stm32f4xx_hal_flash_ramfunc.c **** /* Includes ------------------------------------------------------------------*/
  49:Firmware/Drivers/STM32F4xx_HAL_Driver/Src/stm32f4xx_hal_flash_ramfunc.c **** #include "stm32f4xx_hal.h"
  50:Firmware/Drivers/STM32F4xx_HAL_Driver/Src/stm32f4xx_hal_flash_ramfunc.c **** 
  51:Firmware/Drivers/STM32F4xx_HAL_Driver/Src/stm32f4xx_hal_flash_ramfunc.c **** /** @addtogroup STM32F4xx_HAL_Driver
  52:Firmware/Drivers/STM32F4xx_HAL_Driver/Src/stm32f4xx_hal_flash_ramfunc.c ****   * @{
  53:Firmware/Drivers/STM32F4xx_HAL_Driver/Src/stm32f4xx_hal_flash_ramfunc.c ****   */
  54:Firmware/Drivers/STM32F4xx_HAL_Driver/Src/stm32f4xx_hal_flash_ramfunc.c **** 
  55:Firmware/Drivers/STM32F4xx_HAL_Driver/Src/stm32f4xx_hal_flash_ramfunc.c **** /** @defgroup FLASH_RAMFUNC FLASH RAMFUNC
  56:Firmware/Drivers/STM32F4xx_HAL_Driver/Src/stm32f4xx_hal_flash_ramfunc.c ****   * @brief FLASH functions executed from RAM
  57:Firmware/Drivers/STM32F4xx_HAL_Driver/Src/stm32f4xx_hal_flash_ramfunc.c ****   * @{
  58:Firmware/Drivers/STM32F4xx_HAL_Driver/Src/stm32f4xx_hal_flash_ramfunc.c ****   */
  59:Firmware/Drivers/STM32F4xx_HAL_Driver/Src/stm32f4xx_hal_flash_ramfunc.c **** #ifdef HAL_FLASH_MODULE_ENABLED
  60:Firmware/Drivers/STM32F4xx_HAL_Driver/Src/stm32f4xx_hal_flash_ramfunc.c **** #if defined(STM32F410Tx) || defined(STM32F410Cx) || defined(STM32F410Rx) || defined(STM32F411xE) ||
  61:Firmware/Drivers/STM32F4xx_HAL_Driver/Src/stm32f4xx_hal_flash_ramfunc.c ****     defined(STM32F412Rx) || defined(STM32F412Cx)
  62:Firmware/Drivers/STM32F4xx_HAL_Driver/Src/stm32f4xx_hal_flash_ramfunc.c **** 
  63:Firmware/Drivers/STM32F4xx_HAL_Driver/Src/stm32f4xx_hal_flash_ramfunc.c **** /* Private typedef -----------------------------------------------------------*/
  64:Firmware/Drivers/STM32F4xx_HAL_Driver/Src/stm32f4xx_hal_flash_ramfunc.c **** /* Private define ------------------------------------------------------------*/
  65:Firmware/Drivers/STM32F4xx_HAL_Driver/Src/stm32f4xx_hal_flash_ramfunc.c **** /* Private macro -------------------------------------------------------------*/
  66:Firmware/Drivers/STM32F4xx_HAL_Driver/Src/stm32f4xx_hal_flash_ramfunc.c **** /* Private variables ---------------------------------------------------------*/
  67:Firmware/Drivers/STM32F4xx_HAL_Driver/Src/stm32f4xx_hal_flash_ramfunc.c **** /* Private function prototypes -----------------------------------------------*/
  68:Firmware/Drivers/STM32F4xx_HAL_Driver/Src/stm32f4xx_hal_flash_ramfunc.c **** /* Exported functions --------------------------------------------------------*/
  69:Firmware/Drivers/STM32F4xx_HAL_Driver/Src/stm32f4xx_hal_flash_ramfunc.c **** /** @defgroup FLASH_RAMFUNC_Exported_Functions FLASH RAMFUNC Exported Functions
  70:Firmware/Drivers/STM32F4xx_HAL_Driver/Src/stm32f4xx_hal_flash_ramfunc.c ****   * @{
  71:Firmware/Drivers/STM32F4xx_HAL_Driver/Src/stm32f4xx_hal_flash_ramfunc.c ****   */
  72:Firmware/Drivers/STM32F4xx_HAL_Driver/Src/stm32f4xx_hal_flash_ramfunc.c **** 
  73:Firmware/Drivers/STM32F4xx_HAL_Driver/Src/stm32f4xx_hal_flash_ramfunc.c **** /** @defgroup FLASH_RAMFUNC_Exported_Functions_Group1 Peripheral features functions executed from i
  74:Firmware/Drivers/STM32F4xx_HAL_Driver/Src/stm32f4xx_hal_flash_ramfunc.c ****   *  @brief Peripheral Extended features functions 
  75:Firmware/Drivers/STM32F4xx_HAL_Driver/Src/stm32f4xx_hal_flash_ramfunc.c ****   *
  76:Firmware/Drivers/STM32F4xx_HAL_Driver/Src/stm32f4xx_hal_flash_ramfunc.c **** @verbatim   
  77:Firmware/Drivers/STM32F4xx_HAL_Driver/Src/stm32f4xx_hal_flash_ramfunc.c **** 
  78:Firmware/Drivers/STM32F4xx_HAL_Driver/Src/stm32f4xx_hal_flash_ramfunc.c ****  ===============================================================================
  79:Firmware/Drivers/STM32F4xx_HAL_Driver/Src/stm32f4xx_hal_flash_ramfunc.c ****                       ##### ramfunc functions #####
  80:Firmware/Drivers/STM32F4xx_HAL_Driver/Src/stm32f4xx_hal_flash_ramfunc.c ****  ===============================================================================  
  81:Firmware/Drivers/STM32F4xx_HAL_Driver/Src/stm32f4xx_hal_flash_ramfunc.c ****     [..]
  82:Firmware/Drivers/STM32F4xx_HAL_Driver/Src/stm32f4xx_hal_flash_ramfunc.c ****     This subsection provides a set of functions that should be executed from RAM 
  83:Firmware/Drivers/STM32F4xx_HAL_Driver/Src/stm32f4xx_hal_flash_ramfunc.c ****     transfers.
  84:Firmware/Drivers/STM32F4xx_HAL_Driver/Src/stm32f4xx_hal_flash_ramfunc.c ****     
  85:Firmware/Drivers/STM32F4xx_HAL_Driver/Src/stm32f4xx_hal_flash_ramfunc.c **** @endverbatim
  86:Firmware/Drivers/STM32F4xx_HAL_Driver/Src/stm32f4xx_hal_flash_ramfunc.c ****   * @{
  87:Firmware/Drivers/STM32F4xx_HAL_Driver/Src/stm32f4xx_hal_flash_ramfunc.c ****   */
  88:Firmware/Drivers/STM32F4xx_HAL_Driver/Src/stm32f4xx_hal_flash_ramfunc.c **** 
ARM GAS  /tmp/cctKrVHL.s 			page 3


  89:Firmware/Drivers/STM32F4xx_HAL_Driver/Src/stm32f4xx_hal_flash_ramfunc.c **** /**
  90:Firmware/Drivers/STM32F4xx_HAL_Driver/Src/stm32f4xx_hal_flash_ramfunc.c ****   * @brief Stop the flash interface while System Run
  91:Firmware/Drivers/STM32F4xx_HAL_Driver/Src/stm32f4xx_hal_flash_ramfunc.c ****   * @note  This mode is only available for STM32F41xxx/STM32F446xx devices. 
  92:Firmware/Drivers/STM32F4xx_HAL_Driver/Src/stm32f4xx_hal_flash_ramfunc.c ****   * @note  This mode couldn't be set while executing with the flash itself. 
  93:Firmware/Drivers/STM32F4xx_HAL_Driver/Src/stm32f4xx_hal_flash_ramfunc.c ****   *        It should be done with specific routine executed from RAM.     
  94:Firmware/Drivers/STM32F4xx_HAL_Driver/Src/stm32f4xx_hal_flash_ramfunc.c ****   * @retval HAL status
  95:Firmware/Drivers/STM32F4xx_HAL_Driver/Src/stm32f4xx_hal_flash_ramfunc.c ****   */
  96:Firmware/Drivers/STM32F4xx_HAL_Driver/Src/stm32f4xx_hal_flash_ramfunc.c **** __RAM_FUNC HAL_StatusTypeDef HAL_FLASHEx_StopFlashInterfaceClk(void)
  97:Firmware/Drivers/STM32F4xx_HAL_Driver/Src/stm32f4xx_hal_flash_ramfunc.c **** {
  28              		.loc 1 97 0
  29              		.cfi_startproc
  30              		@ args = 0, pretend = 0, frame = 8
  31              		@ frame_needed = 1, uses_anonymous_args = 0
  32              		@ link register save eliminated.
  33 0000 80B4     		push	{r7}
  34              	.LCFI0:
  35              		.cfi_def_cfa_offset 4
  36              		.cfi_offset 7, -4
  37 0002 83B0     		sub	sp, sp, #12
  38              	.LCFI1:
  39              		.cfi_def_cfa_offset 16
  40 0004 00AF     		add	r7, sp, #0
  41              	.LCFI2:
  42              		.cfi_def_cfa_register 7
  43              	.LBB2:
  98:Firmware/Drivers/STM32F4xx_HAL_Driver/Src/stm32f4xx_hal_flash_ramfunc.c ****   /* Enable Power ctrl clock */
  99:Firmware/Drivers/STM32F4xx_HAL_Driver/Src/stm32f4xx_hal_flash_ramfunc.c ****   __HAL_RCC_PWR_CLK_ENABLE();
  44              		.loc 1 99 0
  45 0006 0023     		movs	r3, #0
  46 0008 7B60     		str	r3, [r7, #4]
  47 000a 0C4B     		ldr	r3, .L3
  48 000c 1B6C     		ldr	r3, [r3, #64]
  49 000e 0B4A     		ldr	r2, .L3
  50 0010 43F08053 		orr	r3, r3, #268435456
  51 0014 1364     		str	r3, [r2, #64]
  52 0016 094B     		ldr	r3, .L3
  53 0018 1B6C     		ldr	r3, [r3, #64]
  54 001a 03F08053 		and	r3, r3, #268435456
  55 001e 7B60     		str	r3, [r7, #4]
  56 0020 7B68     		ldr	r3, [r7, #4]
  57              	.LBE2:
 100:Firmware/Drivers/STM32F4xx_HAL_Driver/Src/stm32f4xx_hal_flash_ramfunc.c ****   /* Stop the flash interface while System Run */  
 101:Firmware/Drivers/STM32F4xx_HAL_Driver/Src/stm32f4xx_hal_flash_ramfunc.c ****   SET_BIT(PWR->CR, PWR_CR_FISSR);
  58              		.loc 1 101 0
  59 0022 074B     		ldr	r3, .L3+4
  60 0024 1B68     		ldr	r3, [r3]
  61 0026 064A     		ldr	r2, .L3+4
  62 0028 43F40013 		orr	r3, r3, #2097152
  63 002c 1360     		str	r3, [r2]
 102:Firmware/Drivers/STM32F4xx_HAL_Driver/Src/stm32f4xx_hal_flash_ramfunc.c ****    
 103:Firmware/Drivers/STM32F4xx_HAL_Driver/Src/stm32f4xx_hal_flash_ramfunc.c ****   return HAL_OK;
  64              		.loc 1 103 0
  65 002e 0023     		movs	r3, #0
 104:Firmware/Drivers/STM32F4xx_HAL_Driver/Src/stm32f4xx_hal_flash_ramfunc.c **** }
  66              		.loc 1 104 0
  67 0030 1846     		mov	r0, r3
  68 0032 0C37     		adds	r7, r7, #12
ARM GAS  /tmp/cctKrVHL.s 			page 4


  69              	.LCFI3:
  70              		.cfi_def_cfa_offset 4
  71 0034 BD46     		mov	sp, r7
  72              	.LCFI4:
  73              		.cfi_def_cfa_register 13
  74              		@ sp needed
  75 0036 5DF8047B 		ldr	r7, [sp], #4
  76              	.LCFI5:
  77              		.cfi_restore 7
  78              		.cfi_def_cfa_offset 0
  79 003a 7047     		bx	lr
  80              	.L4:
  81              		.align	2
  82              	.L3:
  83 003c 00380240 		.word	1073887232
  84 0040 00700040 		.word	1073770496
  85              		.cfi_endproc
  86              	.LFE130:
  88              		.align	1
  89              		.global	HAL_FLASHEx_StartFlashInterfaceClk
  90              		.syntax unified
  91              		.thumb
  92              		.thumb_func
  93              		.fpu fpv4-sp-d16
  95              	HAL_FLASHEx_StartFlashInterfaceClk:
  96              	.LFB131:
 105:Firmware/Drivers/STM32F4xx_HAL_Driver/Src/stm32f4xx_hal_flash_ramfunc.c **** 
 106:Firmware/Drivers/STM32F4xx_HAL_Driver/Src/stm32f4xx_hal_flash_ramfunc.c **** /**
 107:Firmware/Drivers/STM32F4xx_HAL_Driver/Src/stm32f4xx_hal_flash_ramfunc.c ****   * @brief Start the flash interface while System Run
 108:Firmware/Drivers/STM32F4xx_HAL_Driver/Src/stm32f4xx_hal_flash_ramfunc.c ****   * @note  This mode is only available for STM32F411xx/STM32F446xx devices. 
 109:Firmware/Drivers/STM32F4xx_HAL_Driver/Src/stm32f4xx_hal_flash_ramfunc.c ****   * @note  This mode couldn't be set while executing with the flash itself. 
 110:Firmware/Drivers/STM32F4xx_HAL_Driver/Src/stm32f4xx_hal_flash_ramfunc.c ****   *        It should be done with specific routine executed from RAM.     
 111:Firmware/Drivers/STM32F4xx_HAL_Driver/Src/stm32f4xx_hal_flash_ramfunc.c ****   * @retval HAL status
 112:Firmware/Drivers/STM32F4xx_HAL_Driver/Src/stm32f4xx_hal_flash_ramfunc.c ****   */
 113:Firmware/Drivers/STM32F4xx_HAL_Driver/Src/stm32f4xx_hal_flash_ramfunc.c **** __RAM_FUNC HAL_StatusTypeDef HAL_FLASHEx_StartFlashInterfaceClk(void)
 114:Firmware/Drivers/STM32F4xx_HAL_Driver/Src/stm32f4xx_hal_flash_ramfunc.c **** {
  97              		.loc 1 114 0
  98              		.cfi_startproc
  99              		@ args = 0, pretend = 0, frame = 8
 100              		@ frame_needed = 1, uses_anonymous_args = 0
 101              		@ link register save eliminated.
 102 0044 80B4     		push	{r7}
 103              	.LCFI6:
 104              		.cfi_def_cfa_offset 4
 105              		.cfi_offset 7, -4
 106 0046 83B0     		sub	sp, sp, #12
 107              	.LCFI7:
 108              		.cfi_def_cfa_offset 16
 109 0048 00AF     		add	r7, sp, #0
 110              	.LCFI8:
 111              		.cfi_def_cfa_register 7
 112              	.LBB3:
 115:Firmware/Drivers/STM32F4xx_HAL_Driver/Src/stm32f4xx_hal_flash_ramfunc.c ****   /* Enable Power ctrl clock */
 116:Firmware/Drivers/STM32F4xx_HAL_Driver/Src/stm32f4xx_hal_flash_ramfunc.c ****   __HAL_RCC_PWR_CLK_ENABLE();
 113              		.loc 1 116 0
 114 004a 0023     		movs	r3, #0
 115 004c 7B60     		str	r3, [r7, #4]
ARM GAS  /tmp/cctKrVHL.s 			page 5


 116 004e 0C4B     		ldr	r3, .L7
 117 0050 1B6C     		ldr	r3, [r3, #64]
 118 0052 0B4A     		ldr	r2, .L7
 119 0054 43F08053 		orr	r3, r3, #268435456
 120 0058 1364     		str	r3, [r2, #64]
 121 005a 094B     		ldr	r3, .L7
 122 005c 1B6C     		ldr	r3, [r3, #64]
 123 005e 03F08053 		and	r3, r3, #268435456
 124 0062 7B60     		str	r3, [r7, #4]
 125 0064 7B68     		ldr	r3, [r7, #4]
 126              	.LBE3:
 117:Firmware/Drivers/STM32F4xx_HAL_Driver/Src/stm32f4xx_hal_flash_ramfunc.c ****   /* Start the flash interface while System Run */
 118:Firmware/Drivers/STM32F4xx_HAL_Driver/Src/stm32f4xx_hal_flash_ramfunc.c ****   CLEAR_BIT(PWR->CR, PWR_CR_FISSR);
 127              		.loc 1 118 0
 128 0066 074B     		ldr	r3, .L7+4
 129 0068 1B68     		ldr	r3, [r3]
 130 006a 064A     		ldr	r2, .L7+4
 131 006c 23F40013 		bic	r3, r3, #2097152
 132 0070 1360     		str	r3, [r2]
 119:Firmware/Drivers/STM32F4xx_HAL_Driver/Src/stm32f4xx_hal_flash_ramfunc.c **** 
 120:Firmware/Drivers/STM32F4xx_HAL_Driver/Src/stm32f4xx_hal_flash_ramfunc.c ****   return HAL_OK;
 133              		.loc 1 120 0
 134 0072 0023     		movs	r3, #0
 121:Firmware/Drivers/STM32F4xx_HAL_Driver/Src/stm32f4xx_hal_flash_ramfunc.c **** }
 135              		.loc 1 121 0
 136 0074 1846     		mov	r0, r3
 137 0076 0C37     		adds	r7, r7, #12
 138              	.LCFI9:
 139              		.cfi_def_cfa_offset 4
 140 0078 BD46     		mov	sp, r7
 141              	.LCFI10:
 142              		.cfi_def_cfa_register 13
 143              		@ sp needed
 144 007a 5DF8047B 		ldr	r7, [sp], #4
 145              	.LCFI11:
 146              		.cfi_restore 7
 147              		.cfi_def_cfa_offset 0
 148 007e 7047     		bx	lr
 149              	.L8:
 150              		.align	2
 151              	.L7:
 152 0080 00380240 		.word	1073887232
 153 0084 00700040 		.word	1073770496
 154              		.cfi_endproc
 155              	.LFE131:
 157              		.align	1
 158              		.global	HAL_FLASHEx_EnableFlashSleepMode
 159              		.syntax unified
 160              		.thumb
 161              		.thumb_func
 162              		.fpu fpv4-sp-d16
 164              	HAL_FLASHEx_EnableFlashSleepMode:
 165              	.LFB132:
 122:Firmware/Drivers/STM32F4xx_HAL_Driver/Src/stm32f4xx_hal_flash_ramfunc.c **** 
 123:Firmware/Drivers/STM32F4xx_HAL_Driver/Src/stm32f4xx_hal_flash_ramfunc.c **** /**
 124:Firmware/Drivers/STM32F4xx_HAL_Driver/Src/stm32f4xx_hal_flash_ramfunc.c ****   * @brief Enable the flash sleep while System Run
 125:Firmware/Drivers/STM32F4xx_HAL_Driver/Src/stm32f4xx_hal_flash_ramfunc.c ****   * @note  This mode is only available for STM32F41xxx/STM32F446xx devices. 
ARM GAS  /tmp/cctKrVHL.s 			page 6


 126:Firmware/Drivers/STM32F4xx_HAL_Driver/Src/stm32f4xx_hal_flash_ramfunc.c ****   * @note  This mode could n't be set while executing with the flash itself. 
 127:Firmware/Drivers/STM32F4xx_HAL_Driver/Src/stm32f4xx_hal_flash_ramfunc.c ****   *        It should be done with specific routine executed from RAM.     
 128:Firmware/Drivers/STM32F4xx_HAL_Driver/Src/stm32f4xx_hal_flash_ramfunc.c ****   * @retval HAL status
 129:Firmware/Drivers/STM32F4xx_HAL_Driver/Src/stm32f4xx_hal_flash_ramfunc.c ****   */
 130:Firmware/Drivers/STM32F4xx_HAL_Driver/Src/stm32f4xx_hal_flash_ramfunc.c **** __RAM_FUNC HAL_StatusTypeDef HAL_FLASHEx_EnableFlashSleepMode(void)
 131:Firmware/Drivers/STM32F4xx_HAL_Driver/Src/stm32f4xx_hal_flash_ramfunc.c **** {
 166              		.loc 1 131 0
 167              		.cfi_startproc
 168              		@ args = 0, pretend = 0, frame = 8
 169              		@ frame_needed = 1, uses_anonymous_args = 0
 170              		@ link register save eliminated.
 171 0088 80B4     		push	{r7}
 172              	.LCFI12:
 173              		.cfi_def_cfa_offset 4
 174              		.cfi_offset 7, -4
 175 008a 83B0     		sub	sp, sp, #12
 176              	.LCFI13:
 177              		.cfi_def_cfa_offset 16
 178 008c 00AF     		add	r7, sp, #0
 179              	.LCFI14:
 180              		.cfi_def_cfa_register 7
 181              	.LBB4:
 132:Firmware/Drivers/STM32F4xx_HAL_Driver/Src/stm32f4xx_hal_flash_ramfunc.c ****   /* Enable Power ctrl clock */
 133:Firmware/Drivers/STM32F4xx_HAL_Driver/Src/stm32f4xx_hal_flash_ramfunc.c ****   __HAL_RCC_PWR_CLK_ENABLE();
 182              		.loc 1 133 0
 183 008e 0023     		movs	r3, #0
 184 0090 7B60     		str	r3, [r7, #4]
 185 0092 0C4B     		ldr	r3, .L11
 186 0094 1B6C     		ldr	r3, [r3, #64]
 187 0096 0B4A     		ldr	r2, .L11
 188 0098 43F08053 		orr	r3, r3, #268435456
 189 009c 1364     		str	r3, [r2, #64]
 190 009e 094B     		ldr	r3, .L11
 191 00a0 1B6C     		ldr	r3, [r3, #64]
 192 00a2 03F08053 		and	r3, r3, #268435456
 193 00a6 7B60     		str	r3, [r7, #4]
 194 00a8 7B68     		ldr	r3, [r7, #4]
 195              	.LBE4:
 134:Firmware/Drivers/STM32F4xx_HAL_Driver/Src/stm32f4xx_hal_flash_ramfunc.c ****   /* Enable the flash sleep while System Run */
 135:Firmware/Drivers/STM32F4xx_HAL_Driver/Src/stm32f4xx_hal_flash_ramfunc.c ****   SET_BIT(PWR->CR, PWR_CR_FMSSR);
 196              		.loc 1 135 0
 197 00aa 074B     		ldr	r3, .L11+4
 198 00ac 1B68     		ldr	r3, [r3]
 199 00ae 064A     		ldr	r2, .L11+4
 200 00b0 43F48013 		orr	r3, r3, #1048576
 201 00b4 1360     		str	r3, [r2]
 136:Firmware/Drivers/STM32F4xx_HAL_Driver/Src/stm32f4xx_hal_flash_ramfunc.c **** 
 137:Firmware/Drivers/STM32F4xx_HAL_Driver/Src/stm32f4xx_hal_flash_ramfunc.c ****   return HAL_OK;
 202              		.loc 1 137 0
 203 00b6 0023     		movs	r3, #0
 138:Firmware/Drivers/STM32F4xx_HAL_Driver/Src/stm32f4xx_hal_flash_ramfunc.c **** }
 204              		.loc 1 138 0
 205 00b8 1846     		mov	r0, r3
 206 00ba 0C37     		adds	r7, r7, #12
 207              	.LCFI15:
 208              		.cfi_def_cfa_offset 4
 209 00bc BD46     		mov	sp, r7
ARM GAS  /tmp/cctKrVHL.s 			page 7


 210              	.LCFI16:
 211              		.cfi_def_cfa_register 13
 212              		@ sp needed
 213 00be 5DF8047B 		ldr	r7, [sp], #4
 214              	.LCFI17:
 215              		.cfi_restore 7
 216              		.cfi_def_cfa_offset 0
 217 00c2 7047     		bx	lr
 218              	.L12:
 219              		.align	2
 220              	.L11:
 221 00c4 00380240 		.word	1073887232
 222 00c8 00700040 		.word	1073770496
 223              		.cfi_endproc
 224              	.LFE132:
 226              		.align	1
 227              		.global	HAL_FLASHEx_DisableFlashSleepMode
 228              		.syntax unified
 229              		.thumb
 230              		.thumb_func
 231              		.fpu fpv4-sp-d16
 233              	HAL_FLASHEx_DisableFlashSleepMode:
 234              	.LFB133:
 139:Firmware/Drivers/STM32F4xx_HAL_Driver/Src/stm32f4xx_hal_flash_ramfunc.c **** 
 140:Firmware/Drivers/STM32F4xx_HAL_Driver/Src/stm32f4xx_hal_flash_ramfunc.c **** /**
 141:Firmware/Drivers/STM32F4xx_HAL_Driver/Src/stm32f4xx_hal_flash_ramfunc.c ****   * @brief Disable the flash sleep while System Run
 142:Firmware/Drivers/STM32F4xx_HAL_Driver/Src/stm32f4xx_hal_flash_ramfunc.c ****   * @note  This mode is only available for STM32F41xxx/STM32F446xx devices. 
 143:Firmware/Drivers/STM32F4xx_HAL_Driver/Src/stm32f4xx_hal_flash_ramfunc.c ****   * @note  This mode couldn't be set while executing with the flash itself. 
 144:Firmware/Drivers/STM32F4xx_HAL_Driver/Src/stm32f4xx_hal_flash_ramfunc.c ****   *        It should be done with specific routine executed from RAM.     
 145:Firmware/Drivers/STM32F4xx_HAL_Driver/Src/stm32f4xx_hal_flash_ramfunc.c ****   * @retval HAL status
 146:Firmware/Drivers/STM32F4xx_HAL_Driver/Src/stm32f4xx_hal_flash_ramfunc.c ****   */
 147:Firmware/Drivers/STM32F4xx_HAL_Driver/Src/stm32f4xx_hal_flash_ramfunc.c **** __RAM_FUNC HAL_StatusTypeDef HAL_FLASHEx_DisableFlashSleepMode(void)
 148:Firmware/Drivers/STM32F4xx_HAL_Driver/Src/stm32f4xx_hal_flash_ramfunc.c **** {
 235              		.loc 1 148 0
 236              		.cfi_startproc
 237              		@ args = 0, pretend = 0, frame = 8
 238              		@ frame_needed = 1, uses_anonymous_args = 0
 239              		@ link register save eliminated.
 240 00cc 80B4     		push	{r7}
 241              	.LCFI18:
 242              		.cfi_def_cfa_offset 4
 243              		.cfi_offset 7, -4
 244 00ce 83B0     		sub	sp, sp, #12
 245              	.LCFI19:
 246              		.cfi_def_cfa_offset 16
 247 00d0 00AF     		add	r7, sp, #0
 248              	.LCFI20:
 249              		.cfi_def_cfa_register 7
 250              	.LBB5:
 149:Firmware/Drivers/STM32F4xx_HAL_Driver/Src/stm32f4xx_hal_flash_ramfunc.c ****   /* Enable Power ctrl clock */
 150:Firmware/Drivers/STM32F4xx_HAL_Driver/Src/stm32f4xx_hal_flash_ramfunc.c ****   __HAL_RCC_PWR_CLK_ENABLE();
 251              		.loc 1 150 0
 252 00d2 0023     		movs	r3, #0
 253 00d4 7B60     		str	r3, [r7, #4]
 254 00d6 0C4B     		ldr	r3, .L15
 255 00d8 1B6C     		ldr	r3, [r3, #64]
 256 00da 0B4A     		ldr	r2, .L15
ARM GAS  /tmp/cctKrVHL.s 			page 8


 257 00dc 43F08053 		orr	r3, r3, #268435456
 258 00e0 1364     		str	r3, [r2, #64]
 259 00e2 094B     		ldr	r3, .L15
 260 00e4 1B6C     		ldr	r3, [r3, #64]
 261 00e6 03F08053 		and	r3, r3, #268435456
 262 00ea 7B60     		str	r3, [r7, #4]
 263 00ec 7B68     		ldr	r3, [r7, #4]
 264              	.LBE5:
 151:Firmware/Drivers/STM32F4xx_HAL_Driver/Src/stm32f4xx_hal_flash_ramfunc.c ****   /* Disable the flash sleep while System Run */
 152:Firmware/Drivers/STM32F4xx_HAL_Driver/Src/stm32f4xx_hal_flash_ramfunc.c ****   CLEAR_BIT(PWR->CR, PWR_CR_FMSSR);
 265              		.loc 1 152 0
 266 00ee 074B     		ldr	r3, .L15+4
 267 00f0 1B68     		ldr	r3, [r3]
 268 00f2 064A     		ldr	r2, .L15+4
 269 00f4 23F48013 		bic	r3, r3, #1048576
 270 00f8 1360     		str	r3, [r2]
 153:Firmware/Drivers/STM32F4xx_HAL_Driver/Src/stm32f4xx_hal_flash_ramfunc.c ****   
 154:Firmware/Drivers/STM32F4xx_HAL_Driver/Src/stm32f4xx_hal_flash_ramfunc.c ****   return HAL_OK;
 271              		.loc 1 154 0
 272 00fa 0023     		movs	r3, #0
 155:Firmware/Drivers/STM32F4xx_HAL_Driver/Src/stm32f4xx_hal_flash_ramfunc.c **** }
 273              		.loc 1 155 0
 274 00fc 1846     		mov	r0, r3
 275 00fe 0C37     		adds	r7, r7, #12
 276              	.LCFI21:
 277              		.cfi_def_cfa_offset 4
 278 0100 BD46     		mov	sp, r7
 279              	.LCFI22:
 280              		.cfi_def_cfa_register 13
 281              		@ sp needed
 282 0102 5DF8047B 		ldr	r7, [sp], #4
 283              	.LCFI23:
 284              		.cfi_restore 7
 285              		.cfi_def_cfa_offset 0
 286 0106 7047     		bx	lr
 287              	.L16:
 288              		.align	2
 289              	.L15:
 290 0108 00380240 		.word	1073887232
 291 010c 00700040 		.word	1073770496
 292              		.cfi_endproc
 293              	.LFE133:
 295              		.text
 296              	.Letext0:
 297              		.file 2 "/home/zht/stm32tools/arm-gcc/arm-none-eabi/include/machine/_default_types.h"
 298              		.file 3 "/home/zht/stm32tools/arm-gcc/arm-none-eabi/include/sys/_stdint.h"
 299              		.file 4 "Firmware/Drivers/CMSIS/Include/core_cm4.h"
 300              		.file 5 "Firmware/Drivers/CMSIS/Device/ST/STM32F4xx/Include/system_stm32f4xx.h"
 301              		.file 6 "Firmware/Drivers/CMSIS/Device/ST/STM32F4xx/Include/stm32f446xx.h"
 302              		.file 7 "Firmware/Drivers/STM32F4xx_HAL_Driver/Inc/stm32f4xx_hal_def.h"
 303              		.file 8 "Firmware/Drivers/STM32F4xx_HAL_Driver/Inc/stm32f4xx_hal.h"
ARM GAS  /tmp/cctKrVHL.s 			page 9


DEFINED SYMBOLS
                            *ABS*:0000000000000000 stm32f4xx_hal_flash_ramfunc.c
     /tmp/cctKrVHL.s:18     .RamFunc:0000000000000000 $t
     /tmp/cctKrVHL.s:25     .RamFunc:0000000000000000 HAL_FLASHEx_StopFlashInterfaceClk
     /tmp/cctKrVHL.s:83     .RamFunc:000000000000003c $d
     /tmp/cctKrVHL.s:88     .RamFunc:0000000000000044 $t
     /tmp/cctKrVHL.s:95     .RamFunc:0000000000000044 HAL_FLASHEx_StartFlashInterfaceClk
     /tmp/cctKrVHL.s:152    .RamFunc:0000000000000080 $d
     /tmp/cctKrVHL.s:157    .RamFunc:0000000000000088 $t
     /tmp/cctKrVHL.s:164    .RamFunc:0000000000000088 HAL_FLASHEx_EnableFlashSleepMode
     /tmp/cctKrVHL.s:221    .RamFunc:00000000000000c4 $d
     /tmp/cctKrVHL.s:226    .RamFunc:00000000000000cc $t
     /tmp/cctKrVHL.s:233    .RamFunc:00000000000000cc HAL_FLASHEx_DisableFlashSleepMode
     /tmp/cctKrVHL.s:290    .RamFunc:0000000000000108 $d
                           .group:0000000000000000 wm4.0.66eb26e6ef234a179f62cd8806fe3c00
                           .group:0000000000000000 wm4.stm32f4xx_hal_conf.h.24.03c00010d617045ebb35c82914a9515b
                           .group:0000000000000000 wm4.stm32f4xx.h.55.60c09cb5ab474e463c44285ed7739f1f
                           .group:0000000000000000 wm4.stm32f446xx.h.51.16a9122ede9860ebbb552c9e423d1ecd
                           .group:0000000000000000 wm4._newlib_version.h.4.875b979a44719054cd750d0952ad3fd6
                           .group:0000000000000000 wm4.features.h.33.318b64d71e0957639cfb30f1db1f7ec8
                           .group:0000000000000000 wm4._default_types.h.15.247e5cd201eca3442cbf5404108c4935
                           .group:0000000000000000 wm4._intsup.h.10.cce27fed8484c08a33f522034c30d2b5
                           .group:0000000000000000 wm4._stdint.h.10.c24fa3af3bc1706662bb5593a907e841
                           .group:0000000000000000 wm4.stdint.h.23.d53047a68f4a85177f80b422d52785ed
                           .group:0000000000000000 wm4.cmsis_version.h.32.4d5822004c01a829a975260e854b5f8e
                           .group:0000000000000000 wm4.core_cm4.h.66.e4ff136c4a17abc46741866f64f8e729
                           .group:0000000000000000 wm4.cmsis_gcc.h.26.f42444deefab66ffa141b9b9fddb57a3
                           .group:0000000000000000 wm4.core_cm4.h.174.059a5e001a9e729091d1407208e93224
                           .group:0000000000000000 wm4.mpu_armv7.h.32.27b4593cb2f8d3152ca5d97a9d72b321
                           .group:0000000000000000 wm4.stm32f446xx.h.934.08868cf5988b286c95ce57658833140b
                           .group:0000000000000000 wm4.stm32f4xx.h.212.729f0f890654645a3f47ccc0cc2b00e7
                           .group:0000000000000000 wm4.stm32_hal_legacy.h.23.24c1109a8eb6b9f423a3627922c83f30
                           .group:0000000000000000 wm4.stddef.h.39.a38874c8f8a57e66301090908ec2a69f
                           .group:0000000000000000 wm4.stm32f4xx_hal_def.h.58.2d2c85d5b9693a63e90566b806e8a752
                           .group:0000000000000000 wm4.stm32f4xx_hal_rcc_ex.h.22.ed8712e28628f6d35bd6f8847ee2f18f
                           .group:0000000000000000 wm4.stm32f4xx_hal_rcc.h.108.0c18a3cfc2dd91bdf92470b4bd0ea1b5
                           .group:0000000000000000 wm4.stm32f4xx_hal_exti.h.22.e3c6ea1ecbc30ac4867071b634937175
                           .group:0000000000000000 wm4.stm32f4xx_hal_gpio.h.22.be2c6bcf9722096ea8f49a41bf6aa50c
                           .group:0000000000000000 wm4.stm32f4xx_hal_gpio_ex.h.22.6858f59ca8a52c645189c74569e4d5b8
                           .group:0000000000000000 wm4.stm32f4xx_hal_gpio.h.264.978ac12eab1d3b3400b35b8c427e2c33
                           .group:0000000000000000 wm4.stm32f4xx_hal_dma.h.22.fffce20ac9119c50557659c75e75ab1c
                           .group:0000000000000000 wm4.stm32f4xx_hal_dma.h.721.a1e57ffbc615f926e6509c5acc65e492
                           .group:0000000000000000 wm4.stm32f4xx_hal_cortex.h.22.e6aa3b847b5388be63c32d1f9e696ef7
                           .group:0000000000000000 wm4.stm32f4xx_hal_flash.h.22.31b301be2655c3eb8583e51c8231544a
                           .group:0000000000000000 wm4.stm32f4xx_hal_flash_ex.h.22.df74a74dd40656a7fcd7d90cedd190b4
                           .group:0000000000000000 wm4.stm32f4xx_hal_flash.h.363.51efdf0f6c88f683efb89d7cc95cc1be
                           .group:0000000000000000 wm4.stm32f4xx_hal_pwr.h.22.2c27d93ae187efe3a73816f03a329970
                           .group:0000000000000000 wm4.stm32f4xx_hal_pwr_ex.h.22.cf49f655fb514fa1eda6a251fa1b2f1a
                           .group:0000000000000000 wm4.stm32f4xx_hal_pwr.h.337.60b43975c84527a23cb6994b23165a5e
                           .group:0000000000000000 wm4.stm32f4xx_hal_tim.h.22.9c16860ec2cc7f3d941608a8f521bc4a
                           .group:0000000000000000 wm4.stm32f4xx_hal_tim_ex.h.22.ab99a7fa30daa00d91e82a48801a7f30
                           .group:0000000000000000 wm4.stm32f4xx_hal_uart.h.22.1edfd0da9670bd23245390d2a3da576d
                           .group:0000000000000000 wm4.stm32f4xx_ll_usb.h.22.9dd425f23cc4ee09cc013b784f1d3b1a
                           .group:0000000000000000 wm4.stm32f4xx_hal_pcd.h.155.99d086aed65c9e0b877f5c367a6472c1
                           .group:0000000000000000 wm4.stm32f4xx_hal.h.72.a5a58188aa461a0614f1e58e159c7840

NO UNDEFINED SYMBOLS
ARM GAS  /tmp/cctKrVHL.s 			page 10


